CRITICAL - 2021-11-13 00:00:52 --> Undefined variable $Company
#0 C:\xampp\htdocs\futureseekerslk\app\Views\MyProfileEmployer\index.php(30): CodeIgniter\Debug\Exceptions->errorHandler(2, 'Undefined varia...', 'C:\\xampp\\htdocs...', 30)
#1 C:\xampp\htdocs\futureseekerslk\system\View\View.php(230): include('C:\\xampp\\htdocs...')
#2 C:\xampp\htdocs\futureseekerslk\system\View\View.php(232): CodeIgniter\View\View->CodeIgniter\View\{closure}()
#3 C:\xampp\htdocs\futureseekerslk\system\Common.php(1271): CodeIgniter\View\View->render('MyProfileEmploy...', Array, true)
#4 C:\xampp\htdocs\futureseekerslk\app\Controllers\EmployerHome.php(13): view('MyProfileEmploy...')
#5 C:\xampp\htdocs\futureseekerslk\system\CodeIgniter.php(928): App\Controllers\EmployerHome->index()
#6 C:\xampp\htdocs\futureseekerslk\system\CodeIgniter.php(436): CodeIgniter\CodeIgniter->runController(Object(App\Controllers\EmployerHome))
#7 C:\xampp\htdocs\futureseekerslk\system\CodeIgniter.php(336): CodeIgniter\CodeIgniter->handleRequest(NULL, Object(Config\Cache), false)
#8 C:\xampp\htdocs\futureseekerslk\public\index.php(37): CodeIgniter\CodeIgniter->run()
#9 {main}
CRITICAL - 2021-11-13 00:02:07 --> Undefined variable $UserAccount
#0 C:\xampp\htdocs\futureseekerslk\app\Views\MyProfileEmployer\index.php(37): CodeIgniter\Debug\Exceptions->errorHandler(2, 'Undefined varia...', 'C:\\xampp\\htdocs...', 37)
#1 C:\xampp\htdocs\futureseekerslk\system\View\View.php(230): include('C:\\xampp\\htdocs...')
#2 C:\xampp\htdocs\futureseekerslk\system\View\View.php(232): CodeIgniter\View\View->CodeIgniter\View\{closure}()
#3 C:\xampp\htdocs\futureseekerslk\system\Common.php(1271): CodeIgniter\View\View->render('MyProfileEmploy...', Array, true)
#4 C:\xampp\htdocs\futureseekerslk\app\Controllers\EmployerHome.php(13): view('MyProfileEmploy...')
#5 C:\xampp\htdocs\futureseekerslk\system\CodeIgniter.php(928): App\Controllers\EmployerHome->index()
#6 C:\xampp\htdocs\futureseekerslk\system\CodeIgniter.php(436): CodeIgniter\CodeIgniter->runController(Object(App\Controllers\EmployerHome))
#7 C:\xampp\htdocs\futureseekerslk\system\CodeIgniter.php(336): CodeIgniter\CodeIgniter->handleRequest(NULL, Object(Config\Cache), false)
#8 C:\xampp\htdocs\futureseekerslk\public\index.php(37): CodeIgniter\CodeIgniter->run()
#9 {main}
CRITICAL - 2021-11-13 00:02:41 --> Call to undefined function set_value()
#0 C:\xampp\htdocs\futureseekerslk\system\View\View.php(230): include()
#1 C:\xampp\htdocs\futureseekerslk\system\View\View.php(232): CodeIgniter\View\View->CodeIgniter\View\{closure}()
#2 C:\xampp\htdocs\futureseekerslk\system\Common.php(1271): CodeIgniter\View\View->render('MyProfileEmploy...', Array, true)
#3 C:\xampp\htdocs\futureseekerslk\app\Controllers\EmployerHome.php(13): view('MyProfileEmploy...')
#4 C:\xampp\htdocs\futureseekerslk\system\CodeIgniter.php(928): App\Controllers\EmployerHome->index()
#5 C:\xampp\htdocs\futureseekerslk\system\CodeIgniter.php(436): CodeIgniter\CodeIgniter->runController(Object(App\Controllers\EmployerHome))
#6 C:\xampp\htdocs\futureseekerslk\system\CodeIgniter.php(336): CodeIgniter\CodeIgniter->handleRequest(NULL, Object(Config\Cache), false)
#7 C:\xampp\htdocs\futureseekerslk\public\index.php(37): CodeIgniter\CodeIgniter->run()
#8 {main}
CRITICAL - 2021-11-13 00:02:42 --> Call to undefined function set_value()
#0 C:\xampp\htdocs\futureseekerslk\system\View\View.php(230): include()
#1 C:\xampp\htdocs\futureseekerslk\system\View\View.php(232): CodeIgniter\View\View->CodeIgniter\View\{closure}()
#2 C:\xampp\htdocs\futureseekerslk\system\Common.php(1271): CodeIgniter\View\View->render('MyProfileEmploy...', Array, true)
#3 C:\xampp\htdocs\futureseekerslk\app\Controllers\EmployerHome.php(13): view('MyProfileEmploy...')
#4 C:\xampp\htdocs\futureseekerslk\system\CodeIgniter.php(928): App\Controllers\EmployerHome->index()
#5 C:\xampp\htdocs\futureseekerslk\system\CodeIgniter.php(436): CodeIgniter\CodeIgniter->runController(Object(App\Controllers\EmployerHome))
#6 C:\xampp\htdocs\futureseekerslk\system\CodeIgniter.php(336): CodeIgniter\CodeIgniter->handleRequest(NULL, Object(Config\Cache), false)
#7 C:\xampp\htdocs\futureseekerslk\public\index.php(37): CodeIgniter\CodeIgniter->run()
#8 {main}
CRITICAL - 2021-11-13 00:12:11 --> Undefined variable $UserAccount
#0 C:\xampp\htdocs\futureseekerslk\app\Views\MyProfileEmployer\index.php(40): CodeIgniter\Debug\Exceptions->errorHandler(2, 'Undefined varia...', 'C:\\xampp\\htdocs...', 40)
#1 C:\xampp\htdocs\futureseekerslk\system\View\View.php(230): include('C:\\xampp\\htdocs...')
#2 C:\xampp\htdocs\futureseekerslk\system\View\View.php(232): CodeIgniter\View\View->CodeIgniter\View\{closure}()
#3 C:\xampp\htdocs\futureseekerslk\system\Common.php(1271): CodeIgniter\View\View->render('MyProfileEmploy...', Array, true)
#4 C:\xampp\htdocs\futureseekerslk\app\Controllers\EmployerHome.php(13): view('MyProfileEmploy...')
#5 C:\xampp\htdocs\futureseekerslk\system\CodeIgniter.php(928): App\Controllers\EmployerHome->index()
#6 C:\xampp\htdocs\futureseekerslk\system\CodeIgniter.php(436): CodeIgniter\CodeIgniter->runController(Object(App\Controllers\EmployerHome))
#7 C:\xampp\htdocs\futureseekerslk\system\CodeIgniter.php(336): CodeIgniter\CodeIgniter->handleRequest(NULL, Object(Config\Cache), false)
#8 C:\xampp\htdocs\futureseekerslk\public\index.php(37): CodeIgniter\CodeIgniter->run()
#9 {main}
CRITICAL - 2021-11-13 00:12:28 --> Undefined variable $UserAccountM
#0 C:\xampp\htdocs\futureseekerslk\app\Views\MyProfileEmployer\index.php(40): CodeIgniter\Debug\Exceptions->errorHandler(2, 'Undefined varia...', 'C:\\xampp\\htdocs...', 40)
#1 C:\xampp\htdocs\futureseekerslk\system\View\View.php(230): include('C:\\xampp\\htdocs...')
#2 C:\xampp\htdocs\futureseekerslk\system\View\View.php(232): CodeIgniter\View\View->CodeIgniter\View\{closure}()
#3 C:\xampp\htdocs\futureseekerslk\system\Common.php(1271): CodeIgniter\View\View->render('MyProfileEmploy...', Array, true)
#4 C:\xampp\htdocs\futureseekerslk\app\Controllers\EmployerHome.php(13): view('MyProfileEmploy...')
#5 C:\xampp\htdocs\futureseekerslk\system\CodeIgniter.php(928): App\Controllers\EmployerHome->index()
#6 C:\xampp\htdocs\futureseekerslk\system\CodeIgniter.php(436): CodeIgniter\CodeIgniter->runController(Object(App\Controllers\EmployerHome))
#7 C:\xampp\htdocs\futureseekerslk\system\CodeIgniter.php(336): CodeIgniter\CodeIgniter->handleRequest(NULL, Object(Config\Cache), false)
#8 C:\xampp\htdocs\futureseekerslk\public\index.php(37): CodeIgniter\CodeIgniter->run()
#9 {main}
CRITICAL - 2021-11-13 00:13:18 --> Call to undefined function set_value()
#0 C:\xampp\htdocs\futureseekerslk\system\View\View.php(230): include()
#1 C:\xampp\htdocs\futureseekerslk\system\View\View.php(232): CodeIgniter\View\View->CodeIgniter\View\{closure}()
#2 C:\xampp\htdocs\futureseekerslk\system\Common.php(1271): CodeIgniter\View\View->render('MyProfileEmploy...', Array, true)
#3 C:\xampp\htdocs\futureseekerslk\app\Controllers\EmployerHome.php(13): view('MyProfileEmploy...')
#4 C:\xampp\htdocs\futureseekerslk\system\CodeIgniter.php(928): App\Controllers\EmployerHome->index()
#5 C:\xampp\htdocs\futureseekerslk\system\CodeIgniter.php(436): CodeIgniter\CodeIgniter->runController(Object(App\Controllers\EmployerHome))
#6 C:\xampp\htdocs\futureseekerslk\system\CodeIgniter.php(336): CodeIgniter\CodeIgniter->handleRequest(NULL, Object(Config\Cache), false)
#7 C:\xampp\htdocs\futureseekerslk\public\index.php(37): CodeIgniter\CodeIgniter->run()
#8 {main}
CRITICAL - 2021-11-13 00:13:36 --> Call to undefined function set_value()
#0 C:\xampp\htdocs\futureseekerslk\system\View\View.php(230): include()
#1 C:\xampp\htdocs\futureseekerslk\system\View\View.php(232): CodeIgniter\View\View->CodeIgniter\View\{closure}()
#2 C:\xampp\htdocs\futureseekerslk\system\Common.php(1271): CodeIgniter\View\View->render('MyProfileEmploy...', Array, true)
#3 C:\xampp\htdocs\futureseekerslk\app\Controllers\EmployerHome.php(13): view('MyProfileEmploy...')
#4 C:\xampp\htdocs\futureseekerslk\system\CodeIgniter.php(928): App\Controllers\EmployerHome->index()
#5 C:\xampp\htdocs\futureseekerslk\system\CodeIgniter.php(436): CodeIgniter\CodeIgniter->runController(Object(App\Controllers\EmployerHome))
#6 C:\xampp\htdocs\futureseekerslk\system\CodeIgniter.php(336): CodeIgniter\CodeIgniter->handleRequest(NULL, Object(Config\Cache), false)
#7 C:\xampp\htdocs\futureseekerslk\public\index.php(37): CodeIgniter\CodeIgniter->run()
#8 {main}
CRITICAL - 2021-11-13 00:13:38 --> Call to undefined function set_value()
#0 C:\xampp\htdocs\futureseekerslk\system\View\View.php(230): include()
#1 C:\xampp\htdocs\futureseekerslk\system\View\View.php(232): CodeIgniter\View\View->CodeIgniter\View\{closure}()
#2 C:\xampp\htdocs\futureseekerslk\system\Common.php(1271): CodeIgniter\View\View->render('MyProfileEmploy...', Array, true)
#3 C:\xampp\htdocs\futureseekerslk\app\Controllers\EmployerHome.php(13): view('MyProfileEmploy...')
#4 C:\xampp\htdocs\futureseekerslk\system\CodeIgniter.php(928): App\Controllers\EmployerHome->index()
#5 C:\xampp\htdocs\futureseekerslk\system\CodeIgniter.php(436): CodeIgniter\CodeIgniter->runController(Object(App\Controllers\EmployerHome))
#6 C:\xampp\htdocs\futureseekerslk\system\CodeIgniter.php(336): CodeIgniter\CodeIgniter->handleRequest(NULL, Object(Config\Cache), false)
#7 C:\xampp\htdocs\futureseekerslk\public\index.php(37): CodeIgniter\CodeIgniter->run()
#8 {main}
CRITICAL - 2021-11-13 00:13:39 --> Call to undefined function set_value()
#0 C:\xampp\htdocs\futureseekerslk\system\View\View.php(230): include()
#1 C:\xampp\htdocs\futureseekerslk\system\View\View.php(232): CodeIgniter\View\View->CodeIgniter\View\{closure}()
#2 C:\xampp\htdocs\futureseekerslk\system\Common.php(1271): CodeIgniter\View\View->render('MyProfileEmploy...', Array, true)
#3 C:\xampp\htdocs\futureseekerslk\app\Controllers\EmployerHome.php(13): view('MyProfileEmploy...')
#4 C:\xampp\htdocs\futureseekerslk\system\CodeIgniter.php(928): App\Controllers\EmployerHome->index()
#5 C:\xampp\htdocs\futureseekerslk\system\CodeIgniter.php(436): CodeIgniter\CodeIgniter->runController(Object(App\Controllers\EmployerHome))
#6 C:\xampp\htdocs\futureseekerslk\system\CodeIgniter.php(336): CodeIgniter\CodeIgniter->handleRequest(NULL, Object(Config\Cache), false)
#7 C:\xampp\htdocs\futureseekerslk\public\index.php(37): CodeIgniter\CodeIgniter->run()
#8 {main}
CRITICAL - 2021-11-13 00:22:10 --> Call to undefined function set_value()
#0 C:\xampp\htdocs\futureseekerslk\system\View\View.php(230): include()
#1 C:\xampp\htdocs\futureseekerslk\system\View\View.php(232): CodeIgniter\View\View->CodeIgniter\View\{closure}()
#2 C:\xampp\htdocs\futureseekerslk\system\Common.php(1271): CodeIgniter\View\View->render('MyProfileEmploy...', Array, true)
#3 C:\xampp\htdocs\futureseekerslk\app\Controllers\EmployerHome.php(13): view('MyProfileEmploy...')
#4 C:\xampp\htdocs\futureseekerslk\system\CodeIgniter.php(928): App\Controllers\EmployerHome->index()
#5 C:\xampp\htdocs\futureseekerslk\system\CodeIgniter.php(436): CodeIgniter\CodeIgniter->runController(Object(App\Controllers\EmployerHome))
#6 C:\xampp\htdocs\futureseekerslk\system\CodeIgniter.php(336): CodeIgniter\CodeIgniter->handleRequest(NULL, Object(Config\Cache), false)
#7 C:\xampp\htdocs\futureseekerslk\public\index.php(37): CodeIgniter\CodeIgniter->run()
#8 {main}
CRITICAL - 2021-11-13 00:22:12 --> Call to undefined function set_value()
#0 C:\xampp\htdocs\futureseekerslk\system\View\View.php(230): include()
#1 C:\xampp\htdocs\futureseekerslk\system\View\View.php(232): CodeIgniter\View\View->CodeIgniter\View\{closure}()
#2 C:\xampp\htdocs\futureseekerslk\system\Common.php(1271): CodeIgniter\View\View->render('MyProfileEmploy...', Array, true)
#3 C:\xampp\htdocs\futureseekerslk\app\Controllers\EmployerHome.php(13): view('MyProfileEmploy...')
#4 C:\xampp\htdocs\futureseekerslk\system\CodeIgniter.php(928): App\Controllers\EmployerHome->index()
#5 C:\xampp\htdocs\futureseekerslk\system\CodeIgniter.php(436): CodeIgniter\CodeIgniter->runController(Object(App\Controllers\EmployerHome))
#6 C:\xampp\htdocs\futureseekerslk\system\CodeIgniter.php(336): CodeIgniter\CodeIgniter->handleRequest(NULL, Object(Config\Cache), false)
#7 C:\xampp\htdocs\futureseekerslk\public\index.php(37): CodeIgniter\CodeIgniter->run()
#8 {main}
CRITICAL - 2021-11-13 00:22:45 --> Call to undefined function set_value()
#0 C:\xampp\htdocs\futureseekerslk\system\View\View.php(230): include()
#1 C:\xampp\htdocs\futureseekerslk\system\View\View.php(232): CodeIgniter\View\View->CodeIgniter\View\{closure}()
#2 C:\xampp\htdocs\futureseekerslk\system\Common.php(1271): CodeIgniter\View\View->render('MyProfileEmploy...', Array, true)
#3 C:\xampp\htdocs\futureseekerslk\app\Controllers\EmployerHome.php(13): view('MyProfileEmploy...')
#4 C:\xampp\htdocs\futureseekerslk\system\CodeIgniter.php(928): App\Controllers\EmployerHome->index()
#5 C:\xampp\htdocs\futureseekerslk\system\CodeIgniter.php(436): CodeIgniter\CodeIgniter->runController(Object(App\Controllers\EmployerHome))
#6 C:\xampp\htdocs\futureseekerslk\system\CodeIgniter.php(336): CodeIgniter\CodeIgniter->handleRequest(NULL, Object(Config\Cache), false)
#7 C:\xampp\htdocs\futureseekerslk\public\index.php(37): CodeIgniter\CodeIgniter->run()
#8 {main}
CRITICAL - 2021-11-13 00:22:46 --> Call to undefined function set_value()
#0 C:\xampp\htdocs\futureseekerslk\system\View\View.php(230): include()
#1 C:\xampp\htdocs\futureseekerslk\system\View\View.php(232): CodeIgniter\View\View->CodeIgniter\View\{closure}()
#2 C:\xampp\htdocs\futureseekerslk\system\Common.php(1271): CodeIgniter\View\View->render('MyProfileEmploy...', Array, true)
#3 C:\xampp\htdocs\futureseekerslk\app\Controllers\EmployerHome.php(13): view('MyProfileEmploy...')
#4 C:\xampp\htdocs\futureseekerslk\system\CodeIgniter.php(928): App\Controllers\EmployerHome->index()
#5 C:\xampp\htdocs\futureseekerslk\system\CodeIgniter.php(436): CodeIgniter\CodeIgniter->runController(Object(App\Controllers\EmployerHome))
#6 C:\xampp\htdocs\futureseekerslk\system\CodeIgniter.php(336): CodeIgniter\CodeIgniter->handleRequest(NULL, Object(Config\Cache), false)
#7 C:\xampp\htdocs\futureseekerslk\public\index.php(37): CodeIgniter\CodeIgniter->run()
#8 {main}
CRITICAL - 2021-11-13 00:23:17 --> Call to undefined function set_value()
#0 C:\xampp\htdocs\futureseekerslk\system\View\View.php(230): include()
#1 C:\xampp\htdocs\futureseekerslk\system\View\View.php(232): CodeIgniter\View\View->CodeIgniter\View\{closure}()
#2 C:\xampp\htdocs\futureseekerslk\system\Common.php(1271): CodeIgniter\View\View->render('MyProfileEmploy...', Array, true)
#3 C:\xampp\htdocs\futureseekerslk\app\Controllers\EmployerHome.php(13): view('MyProfileEmploy...')
#4 C:\xampp\htdocs\futureseekerslk\system\CodeIgniter.php(928): App\Controllers\EmployerHome->index()
#5 C:\xampp\htdocs\futureseekerslk\system\CodeIgniter.php(436): CodeIgniter\CodeIgniter->runController(Object(App\Controllers\EmployerHome))
#6 C:\xampp\htdocs\futureseekerslk\system\CodeIgniter.php(336): CodeIgniter\CodeIgniter->handleRequest(NULL, Object(Config\Cache), false)
#7 C:\xampp\htdocs\futureseekerslk\public\index.php(37): CodeIgniter\CodeIgniter->run()
#8 {main}
CRITICAL - 2021-11-13 00:23:18 --> Call to undefined function set_value()
#0 C:\xampp\htdocs\futureseekerslk\system\View\View.php(230): include()
#1 C:\xampp\htdocs\futureseekerslk\system\View\View.php(232): CodeIgniter\View\View->CodeIgniter\View\{closure}()
#2 C:\xampp\htdocs\futureseekerslk\system\Common.php(1271): CodeIgniter\View\View->render('MyProfileEmploy...', Array, true)
#3 C:\xampp\htdocs\futureseekerslk\app\Controllers\EmployerHome.php(13): view('MyProfileEmploy...')
#4 C:\xampp\htdocs\futureseekerslk\system\CodeIgniter.php(928): App\Controllers\EmployerHome->index()
#5 C:\xampp\htdocs\futureseekerslk\system\CodeIgniter.php(436): CodeIgniter\CodeIgniter->runController(Object(App\Controllers\EmployerHome))
#6 C:\xampp\htdocs\futureseekerslk\system\CodeIgniter.php(336): CodeIgniter\CodeIgniter->handleRequest(NULL, Object(Config\Cache), false)
#7 C:\xampp\htdocs\futureseekerslk\public\index.php(37): CodeIgniter\CodeIgniter->run()
#8 {main}
CRITICAL - 2021-11-13 00:23:18 --> Call to undefined function set_value()
#0 C:\xampp\htdocs\futureseekerslk\system\View\View.php(230): include()
#1 C:\xampp\htdocs\futureseekerslk\system\View\View.php(232): CodeIgniter\View\View->CodeIgniter\View\{closure}()
#2 C:\xampp\htdocs\futureseekerslk\system\Common.php(1271): CodeIgniter\View\View->render('MyProfileEmploy...', Array, true)
#3 C:\xampp\htdocs\futureseekerslk\app\Controllers\EmployerHome.php(13): view('MyProfileEmploy...')
#4 C:\xampp\htdocs\futureseekerslk\system\CodeIgniter.php(928): App\Controllers\EmployerHome->index()
#5 C:\xampp\htdocs\futureseekerslk\system\CodeIgniter.php(436): CodeIgniter\CodeIgniter->runController(Object(App\Controllers\EmployerHome))
#6 C:\xampp\htdocs\futureseekerslk\system\CodeIgniter.php(336): CodeIgniter\CodeIgniter->handleRequest(NULL, Object(Config\Cache), false)
#7 C:\xampp\htdocs\futureseekerslk\public\index.php(37): CodeIgniter\CodeIgniter->run()
#8 {main}
CRITICAL - 2021-11-13 00:36:01 --> Call to undefined function set_value()
#0 C:\xampp\htdocs\futureseekerslk\system\View\View.php(230): include()
#1 C:\xampp\htdocs\futureseekerslk\system\View\View.php(232): CodeIgniter\View\View->CodeIgniter\View\{closure}()
#2 C:\xampp\htdocs\futureseekerslk\system\Common.php(1271): CodeIgniter\View\View->render('MyProfileEmploy...', Array, true)
#3 C:\xampp\htdocs\futureseekerslk\app\Controllers\EmployerHome.php(13): view('MyProfileEmploy...')
#4 C:\xampp\htdocs\futureseekerslk\system\CodeIgniter.php(928): App\Controllers\EmployerHome->index()
#5 C:\xampp\htdocs\futureseekerslk\system\CodeIgniter.php(436): CodeIgniter\CodeIgniter->runController(Object(App\Controllers\EmployerHome))
#6 C:\xampp\htdocs\futureseekerslk\system\CodeIgniter.php(336): CodeIgniter\CodeIgniter->handleRequest(NULL, Object(Config\Cache), false)
#7 C:\xampp\htdocs\futureseekerslk\public\index.php(37): CodeIgniter\CodeIgniter->run()
#8 {main}
CRITICAL - 2021-11-13 00:39:46 --> Call to undefined function set_value()
#0 C:\xampp\htdocs\futureseekerslk\system\View\View.php(230): include()
#1 C:\xampp\htdocs\futureseekerslk\system\View\View.php(232): CodeIgniter\View\View->CodeIgniter\View\{closure}()
#2 C:\xampp\htdocs\futureseekerslk\system\Common.php(1271): CodeIgniter\View\View->render('MyProfileEmploy...', Array, true)
#3 C:\xampp\htdocs\futureseekerslk\app\Controllers\EmployerHome.php(13): view('MyProfileEmploy...')
#4 C:\xampp\htdocs\futureseekerslk\system\CodeIgniter.php(928): App\Controllers\EmployerHome->index()
#5 C:\xampp\htdocs\futureseekerslk\system\CodeIgniter.php(436): CodeIgniter\CodeIgniter->runController(Object(App\Controllers\EmployerHome))
#6 C:\xampp\htdocs\futureseekerslk\system\CodeIgniter.php(336): CodeIgniter\CodeIgniter->handleRequest(NULL, Object(Config\Cache), false)
#7 C:\xampp\htdocs\futureseekerslk\public\index.php(37): CodeIgniter\CodeIgniter->run()
#8 {main}
CRITICAL - 2021-11-13 00:43:21 --> Call to undefined function set_value()
#0 C:\xampp\htdocs\futureseekerslk\system\View\View.php(230): include()
#1 C:\xampp\htdocs\futureseekerslk\system\View\View.php(232): CodeIgniter\View\View->CodeIgniter\View\{closure}()
#2 C:\xampp\htdocs\futureseekerslk\system\Common.php(1271): CodeIgniter\View\View->render('MyProfileEmploy...', Array, true)
#3 C:\xampp\htdocs\futureseekerslk\app\Controllers\EmployerHome.php(13): view('MyProfileEmploy...')
#4 C:\xampp\htdocs\futureseekerslk\system\CodeIgniter.php(928): App\Controllers\EmployerHome->index()
#5 C:\xampp\htdocs\futureseekerslk\system\CodeIgniter.php(436): CodeIgniter\CodeIgniter->runController(Object(App\Controllers\EmployerHome))
#6 C:\xampp\htdocs\futureseekerslk\system\CodeIgniter.php(336): CodeIgniter\CodeIgniter->handleRequest(NULL, Object(Config\Cache), false)
#7 C:\xampp\htdocs\futureseekerslk\public\index.php(37): CodeIgniter\CodeIgniter->run()
#8 {main}
CRITICAL - 2021-11-13 00:43:25 --> Call to undefined function set_value()
#0 C:\xampp\htdocs\futureseekerslk\system\View\View.php(230): include()
#1 C:\xampp\htdocs\futureseekerslk\system\View\View.php(232): CodeIgniter\View\View->CodeIgniter\View\{closure}()
#2 C:\xampp\htdocs\futureseekerslk\system\Common.php(1271): CodeIgniter\View\View->render('MyProfileEmploy...', Array, true)
#3 C:\xampp\htdocs\futureseekerslk\app\Controllers\EmployerHome.php(13): view('MyProfileEmploy...')
#4 C:\xampp\htdocs\futureseekerslk\system\CodeIgniter.php(928): App\Controllers\EmployerHome->index()
#5 C:\xampp\htdocs\futureseekerslk\system\CodeIgniter.php(436): CodeIgniter\CodeIgniter->runController(Object(App\Controllers\EmployerHome))
#6 C:\xampp\htdocs\futureseekerslk\system\CodeIgniter.php(336): CodeIgniter\CodeIgniter->handleRequest(NULL, Object(Config\Cache), false)
#7 C:\xampp\htdocs\futureseekerslk\public\index.php(37): CodeIgniter\CodeIgniter->run()
#8 {main}
CRITICAL - 2021-11-13 00:43:25 --> Call to undefined function set_value()
#0 C:\xampp\htdocs\futureseekerslk\system\View\View.php(230): include()
#1 C:\xampp\htdocs\futureseekerslk\system\View\View.php(232): CodeIgniter\View\View->CodeIgniter\View\{closure}()
#2 C:\xampp\htdocs\futureseekerslk\system\Common.php(1271): CodeIgniter\View\View->render('MyProfileEmploy...', Array, true)
#3 C:\xampp\htdocs\futureseekerslk\app\Controllers\EmployerHome.php(13): view('MyProfileEmploy...')
#4 C:\xampp\htdocs\futureseekerslk\system\CodeIgniter.php(928): App\Controllers\EmployerHome->index()
#5 C:\xampp\htdocs\futureseekerslk\system\CodeIgniter.php(436): CodeIgniter\CodeIgniter->runController(Object(App\Controllers\EmployerHome))
#6 C:\xampp\htdocs\futureseekerslk\system\CodeIgniter.php(336): CodeIgniter\CodeIgniter->handleRequest(NULL, Object(Config\Cache), false)
#7 C:\xampp\htdocs\futureseekerslk\public\index.php(37): CodeIgniter\CodeIgniter->run()
#8 {main}
CRITICAL - 2021-11-13 00:43:47 --> Call to undefined function set_value()
#0 C:\xampp\htdocs\futureseekerslk\system\View\View.php(230): include()
#1 C:\xampp\htdocs\futureseekerslk\system\View\View.php(232): CodeIgniter\View\View->CodeIgniter\View\{closure}()
#2 C:\xampp\htdocs\futureseekerslk\system\Common.php(1271): CodeIgniter\View\View->render('MyProfileEmploy...', Array, true)
#3 C:\xampp\htdocs\futureseekerslk\app\Controllers\EmployerHome.php(13): view('MyProfileEmploy...')
#4 C:\xampp\htdocs\futureseekerslk\system\CodeIgniter.php(928): App\Controllers\EmployerHome->index()
#5 C:\xampp\htdocs\futureseekerslk\system\CodeIgniter.php(436): CodeIgniter\CodeIgniter->runController(Object(App\Controllers\EmployerHome))
#6 C:\xampp\htdocs\futureseekerslk\system\CodeIgniter.php(336): CodeIgniter\CodeIgniter->handleRequest(NULL, Object(Config\Cache), false)
#7 C:\xampp\htdocs\futureseekerslk\public\index.php(37): CodeIgniter\CodeIgniter->run()
#8 {main}
CRITICAL - 2021-11-13 00:43:47 --> Call to undefined function set_value()
#0 C:\xampp\htdocs\futureseekerslk\system\View\View.php(230): include()
#1 C:\xampp\htdocs\futureseekerslk\system\View\View.php(232): CodeIgniter\View\View->CodeIgniter\View\{closure}()
#2 C:\xampp\htdocs\futureseekerslk\system\Common.php(1271): CodeIgniter\View\View->render('MyProfileEmploy...', Array, true)
#3 C:\xampp\htdocs\futureseekerslk\app\Controllers\EmployerHome.php(13): view('MyProfileEmploy...')
#4 C:\xampp\htdocs\futureseekerslk\system\CodeIgniter.php(928): App\Controllers\EmployerHome->index()
#5 C:\xampp\htdocs\futureseekerslk\system\CodeIgniter.php(436): CodeIgniter\CodeIgniter->runController(Object(App\Controllers\EmployerHome))
#6 C:\xampp\htdocs\futureseekerslk\system\CodeIgniter.php(336): CodeIgniter\CodeIgniter->handleRequest(NULL, Object(Config\Cache), false)
#7 C:\xampp\htdocs\futureseekerslk\public\index.php(37): CodeIgniter\CodeIgniter->run()
#8 {main}
CRITICAL - 2021-11-13 00:43:48 --> Call to undefined function set_value()
#0 C:\xampp\htdocs\futureseekerslk\system\View\View.php(230): include()
#1 C:\xampp\htdocs\futureseekerslk\system\View\View.php(232): CodeIgniter\View\View->CodeIgniter\View\{closure}()
#2 C:\xampp\htdocs\futureseekerslk\system\Common.php(1271): CodeIgniter\View\View->render('MyProfileEmploy...', Array, true)
#3 C:\xampp\htdocs\futureseekerslk\app\Controllers\EmployerHome.php(13): view('MyProfileEmploy...')
#4 C:\xampp\htdocs\futureseekerslk\system\CodeIgniter.php(928): App\Controllers\EmployerHome->index()
#5 C:\xampp\htdocs\futureseekerslk\system\CodeIgniter.php(436): CodeIgniter\CodeIgniter->runController(Object(App\Controllers\EmployerHome))
#6 C:\xampp\htdocs\futureseekerslk\system\CodeIgniter.php(336): CodeIgniter\CodeIgniter->handleRequest(NULL, Object(Config\Cache), false)
#7 C:\xampp\htdocs\futureseekerslk\public\index.php(37): CodeIgniter\CodeIgniter->run()
#8 {main}
CRITICAL - 2021-11-13 00:43:55 --> Call to undefined function set_value()
#0 C:\xampp\htdocs\futureseekerslk\system\View\View.php(230): include()
#1 C:\xampp\htdocs\futureseekerslk\system\View\View.php(232): CodeIgniter\View\View->CodeIgniter\View\{closure}()
#2 C:\xampp\htdocs\futureseekerslk\system\Common.php(1271): CodeIgniter\View\View->render('MyProfileEmploy...', Array, true)
#3 C:\xampp\htdocs\futureseekerslk\app\Controllers\EmployerHome.php(13): view('MyProfileEmploy...')
#4 C:\xampp\htdocs\futureseekerslk\system\CodeIgniter.php(928): App\Controllers\EmployerHome->index()
#5 C:\xampp\htdocs\futureseekerslk\system\CodeIgniter.php(436): CodeIgniter\CodeIgniter->runController(Object(App\Controllers\EmployerHome))
#6 C:\xampp\htdocs\futureseekerslk\system\CodeIgniter.php(336): CodeIgniter\CodeIgniter->handleRequest(NULL, Object(Config\Cache), false)
#7 C:\xampp\htdocs\futureseekerslk\public\index.php(37): CodeIgniter\CodeIgniter->run()
#8 {main}
CRITICAL - 2021-11-13 00:45:36 --> Call to undefined function set_value()
#0 C:\xampp\htdocs\futureseekerslk\system\View\View.php(230): include()
#1 C:\xampp\htdocs\futureseekerslk\system\View\View.php(232): CodeIgniter\View\View->CodeIgniter\View\{closure}()
#2 C:\xampp\htdocs\futureseekerslk\system\Common.php(1271): CodeIgniter\View\View->render('MyProfileEmploy...', Array, true)
#3 C:\xampp\htdocs\futureseekerslk\app\Controllers\EmployerHome.php(13): view('MyProfileEmploy...')
#4 C:\xampp\htdocs\futureseekerslk\system\CodeIgniter.php(928): App\Controllers\EmployerHome->index()
#5 C:\xampp\htdocs\futureseekerslk\system\CodeIgniter.php(436): CodeIgniter\CodeIgniter->runController(Object(App\Controllers\EmployerHome))
#6 C:\xampp\htdocs\futureseekerslk\system\CodeIgniter.php(336): CodeIgniter\CodeIgniter->handleRequest(NULL, Object(Config\Cache), false)
#7 C:\xampp\htdocs\futureseekerslk\public\index.php(37): CodeIgniter\CodeIgniter->run()
#8 {main}
CRITICAL - 2021-11-13 00:49:52 --> Call to undefined function set_value()
#0 C:\xampp\htdocs\futureseekerslk\system\View\View.php(230): include()
#1 C:\xampp\htdocs\futureseekerslk\system\View\View.php(232): CodeIgniter\View\View->CodeIgniter\View\{closure}()
#2 C:\xampp\htdocs\futureseekerslk\system\Common.php(1271): CodeIgniter\View\View->render('MyProfileEmploy...', Array, true)
#3 C:\xampp\htdocs\futureseekerslk\app\Controllers\EmployerHome.php(13): view('MyProfileEmploy...')
#4 C:\xampp\htdocs\futureseekerslk\system\CodeIgniter.php(928): App\Controllers\EmployerHome->index()
#5 C:\xampp\htdocs\futureseekerslk\system\CodeIgniter.php(436): CodeIgniter\CodeIgniter->runController(Object(App\Controllers\EmployerHome))
#6 C:\xampp\htdocs\futureseekerslk\system\CodeIgniter.php(336): CodeIgniter\CodeIgniter->handleRequest(NULL, Object(Config\Cache), false)
#7 C:\xampp\htdocs\futureseekerslk\public\index.php(37): CodeIgniter\CodeIgniter->run()
#8 {main}
CRITICAL - 2021-11-13 00:49:53 --> Call to undefined function set_value()
#0 C:\xampp\htdocs\futureseekerslk\system\View\View.php(230): include()
#1 C:\xampp\htdocs\futureseekerslk\system\View\View.php(232): CodeIgniter\View\View->CodeIgniter\View\{closure}()
#2 C:\xampp\htdocs\futureseekerslk\system\Common.php(1271): CodeIgniter\View\View->render('MyProfileEmploy...', Array, true)
#3 C:\xampp\htdocs\futureseekerslk\app\Controllers\EmployerHome.php(13): view('MyProfileEmploy...')
#4 C:\xampp\htdocs\futureseekerslk\system\CodeIgniter.php(928): App\Controllers\EmployerHome->index()
#5 C:\xampp\htdocs\futureseekerslk\system\CodeIgniter.php(436): CodeIgniter\CodeIgniter->runController(Object(App\Controllers\EmployerHome))
#6 C:\xampp\htdocs\futureseekerslk\system\CodeIgniter.php(336): CodeIgniter\CodeIgniter->handleRequest(NULL, Object(Config\Cache), false)
#7 C:\xampp\htdocs\futureseekerslk\public\index.php(37): CodeIgniter\CodeIgniter->run()
#8 {main}
CRITICAL - 2021-11-13 00:56:14 --> Call to undefined function set_value()
#0 C:\xampp\htdocs\futureseekerslk\system\View\View.php(230): include()
#1 C:\xampp\htdocs\futureseekerslk\system\View\View.php(232): CodeIgniter\View\View->CodeIgniter\View\{closure}()
#2 C:\xampp\htdocs\futureseekerslk\system\Common.php(1271): CodeIgniter\View\View->render('MyProfileEmploy...', Array, true)
#3 C:\xampp\htdocs\futureseekerslk\app\Controllers\EmployerHome.php(13): view('MyProfileEmploy...')
#4 C:\xampp\htdocs\futureseekerslk\system\CodeIgniter.php(928): App\Controllers\EmployerHome->index()
#5 C:\xampp\htdocs\futureseekerslk\system\CodeIgniter.php(436): CodeIgniter\CodeIgniter->runController(Object(App\Controllers\EmployerHome))
#6 C:\xampp\htdocs\futureseekerslk\system\CodeIgniter.php(336): CodeIgniter\CodeIgniter->handleRequest(NULL, Object(Config\Cache), false)
#7 C:\xampp\htdocs\futureseekerslk\public\index.php(37): CodeIgniter\CodeIgniter->run()
#8 {main}
CRITICAL - 2021-11-13 00:56:20 --> Call to undefined function set_value()
#0 C:\xampp\htdocs\futureseekerslk\system\View\View.php(230): include()
#1 C:\xampp\htdocs\futureseekerslk\system\View\View.php(232): CodeIgniter\View\View->CodeIgniter\View\{closure}()
#2 C:\xampp\htdocs\futureseekerslk\system\Common.php(1271): CodeIgniter\View\View->render('MyProfileEmploy...', Array, true)
#3 C:\xampp\htdocs\futureseekerslk\app\Controllers\EmployerHome.php(13): view('MyProfileEmploy...')
#4 C:\xampp\htdocs\futureseekerslk\system\CodeIgniter.php(928): App\Controllers\EmployerHome->index()
#5 C:\xampp\htdocs\futureseekerslk\system\CodeIgniter.php(436): CodeIgniter\CodeIgniter->runController(Object(App\Controllers\EmployerHome))
#6 C:\xampp\htdocs\futureseekerslk\system\CodeIgniter.php(336): CodeIgniter\CodeIgniter->handleRequest(NULL, Object(Config\Cache), false)
#7 C:\xampp\htdocs\futureseekerslk\public\index.php(37): CodeIgniter\CodeIgniter->run()
#8 {main}
CRITICAL - 2021-11-13 01:02:39 --> Call to undefined function set_value()
#0 C:\xampp\htdocs\futureseekerslk\system\View\View.php(230): include()
#1 C:\xampp\htdocs\futureseekerslk\system\View\View.php(232): CodeIgniter\View\View->CodeIgniter\View\{closure}()
#2 C:\xampp\htdocs\futureseekerslk\system\Common.php(1271): CodeIgniter\View\View->render('MyProfileEmploy...', Array, true)
#3 C:\xampp\htdocs\futureseekerslk\app\Controllers\EmployerHome.php(13): view('MyProfileEmploy...')
#4 C:\xampp\htdocs\futureseekerslk\system\CodeIgniter.php(928): App\Controllers\EmployerHome->index()
#5 C:\xampp\htdocs\futureseekerslk\system\CodeIgniter.php(436): CodeIgniter\CodeIgniter->runController(Object(App\Controllers\EmployerHome))
#6 C:\xampp\htdocs\futureseekerslk\system\CodeIgniter.php(336): CodeIgniter\CodeIgniter->handleRequest(NULL, Object(Config\Cache), false)
#7 C:\xampp\htdocs\futureseekerslk\public\index.php(37): CodeIgniter\CodeIgniter->run()
#8 {main}
CRITICAL - 2021-11-13 01:02:39 --> Call to undefined function set_value()
#0 C:\xampp\htdocs\futureseekerslk\system\View\View.php(230): include()
#1 C:\xampp\htdocs\futureseekerslk\system\View\View.php(232): CodeIgniter\View\View->CodeIgniter\View\{closure}()
#2 C:\xampp\htdocs\futureseekerslk\system\Common.php(1271): CodeIgniter\View\View->render('MyProfileEmploy...', Array, true)
#3 C:\xampp\htdocs\futureseekerslk\app\Controllers\EmployerHome.php(13): view('MyProfileEmploy...')
#4 C:\xampp\htdocs\futureseekerslk\system\CodeIgniter.php(928): App\Controllers\EmployerHome->index()
#5 C:\xampp\htdocs\futureseekerslk\system\CodeIgniter.php(436): CodeIgniter\CodeIgniter->runController(Object(App\Controllers\EmployerHome))
#6 C:\xampp\htdocs\futureseekerslk\system\CodeIgniter.php(336): CodeIgniter\CodeIgniter->handleRequest(NULL, Object(Config\Cache), false)
#7 C:\xampp\htdocs\futureseekerslk\public\index.php(37): CodeIgniter\CodeIgniter->run()
#8 {main}
CRITICAL - 2021-11-13 01:36:57 --> Undefined variable $cname
#0 C:\xampp\htdocs\futureseekerslk\app\Views\MyProfileEmployer\index.php(72): CodeIgniter\Debug\Exceptions->errorHandler(2, 'Undefined varia...', 'C:\\xampp\\htdocs...', 72)
#1 C:\xampp\htdocs\futureseekerslk\system\View\View.php(230): include('C:\\xampp\\htdocs...')
#2 C:\xampp\htdocs\futureseekerslk\system\View\View.php(232): CodeIgniter\View\View->CodeIgniter\View\{closure}()
#3 C:\xampp\htdocs\futureseekerslk\system\Common.php(1271): CodeIgniter\View\View->render('MyProfileEmploy...', Array, true)
#4 C:\xampp\htdocs\futureseekerslk\app\Controllers\MyProfileEmployer.php(14): view('MyProfileEmploy...')
#5 C:\xampp\htdocs\futureseekerslk\system\CodeIgniter.php(928): App\Controllers\MyProfileEmployer->index()
#6 C:\xampp\htdocs\futureseekerslk\system\CodeIgniter.php(436): CodeIgniter\CodeIgniter->runController(Object(App\Controllers\MyProfileEmployer))
#7 C:\xampp\htdocs\futureseekerslk\system\CodeIgniter.php(336): CodeIgniter\CodeIgniter->handleRequest(NULL, Object(Config\Cache), false)
#8 C:\xampp\htdocs\futureseekerslk\public\index.php(37): CodeIgniter\CodeIgniter->run()
#9 {main}
CRITICAL - 2021-11-13 03:27:56 -->  is not a valid rule.
#0 C:\xampp\htdocs\futureseekerslk\system\Validation\Validation.php(321): CodeIgniter\Validation\Exceptions\ValidationException::forRuleNotFound('')
#1 C:\xampp\htdocs\futureseekerslk\system\Validation\Validation.php(159): CodeIgniter\Validation\Validation->processRules('username', 'username', 'peterspider', Array, Array)
#2 C:\xampp\htdocs\futureseekerslk\system\Controller.php(183): CodeIgniter\Validation\Validation->run()
#3 C:\xampp\htdocs\futureseekerslk\app\Controllers\MyProfileEmployer.php(20): CodeIgniter\Controller->validate(Array)
#4 C:\xampp\htdocs\futureseekerslk\system\CodeIgniter.php(928): App\Controllers\MyProfileEmployer->editProfile()
#5 C:\xampp\htdocs\futureseekerslk\system\CodeIgniter.php(436): CodeIgniter\CodeIgniter->runController(Object(App\Controllers\MyProfileEmployer))
#6 C:\xampp\htdocs\futureseekerslk\system\CodeIgniter.php(336): CodeIgniter\CodeIgniter->handleRequest(NULL, Object(Config\Cache), false)
#7 C:\xampp\htdocs\futureseekerslk\public\index.php(37): CodeIgniter\CodeIgniter->run()
#8 {main}
CRITICAL - 2021-11-13 03:28:34 -->  is not a valid rule.
#0 C:\xampp\htdocs\futureseekerslk\system\Validation\Validation.php(321): CodeIgniter\Validation\Exceptions\ValidationException::forRuleNotFound('')
#1 C:\xampp\htdocs\futureseekerslk\system\Validation\Validation.php(159): CodeIgniter\Validation\Validation->processRules('username', 'username', 'peterspider', Array, Array)
#2 C:\xampp\htdocs\futureseekerslk\system\Controller.php(183): CodeIgniter\Validation\Validation->run()
#3 C:\xampp\htdocs\futureseekerslk\app\Controllers\MyProfileEmployer.php(20): CodeIgniter\Controller->validate(Array)
#4 C:\xampp\htdocs\futureseekerslk\system\CodeIgniter.php(928): App\Controllers\MyProfileEmployer->editProfile()
#5 C:\xampp\htdocs\futureseekerslk\system\CodeIgniter.php(436): CodeIgniter\CodeIgniter->runController(Object(App\Controllers\MyProfileEmployer))
#6 C:\xampp\htdocs\futureseekerslk\system\CodeIgniter.php(336): CodeIgniter\CodeIgniter->handleRequest(NULL, Object(Config\Cache), false)
#7 C:\xampp\htdocs\futureseekerslk\public\index.php(37): CodeIgniter\CodeIgniter->run()
#8 {main}
CRITICAL - 2021-11-13 03:31:42 -->  is not a valid rule.
#0 C:\xampp\htdocs\futureseekerslk\system\Validation\Validation.php(321): CodeIgniter\Validation\Exceptions\ValidationException::forRuleNotFound('')
#1 C:\xampp\htdocs\futureseekerslk\system\Validation\Validation.php(159): CodeIgniter\Validation\Validation->processRules('username', 'username', 'peterspider', Array, Array)
#2 C:\xampp\htdocs\futureseekerslk\system\Controller.php(183): CodeIgniter\Validation\Validation->run()
#3 C:\xampp\htdocs\futureseekerslk\app\Controllers\MyProfileEmployer.php(20): CodeIgniter\Controller->validate(Array)
#4 C:\xampp\htdocs\futureseekerslk\system\CodeIgniter.php(928): App\Controllers\MyProfileEmployer->editProfile()
#5 C:\xampp\htdocs\futureseekerslk\system\CodeIgniter.php(436): CodeIgniter\CodeIgniter->runController(Object(App\Controllers\MyProfileEmployer))
#6 C:\xampp\htdocs\futureseekerslk\system\CodeIgniter.php(336): CodeIgniter\CodeIgniter->handleRequest(NULL, Object(Config\Cache), false)
#7 C:\xampp\htdocs\futureseekerslk\public\index.php(37): CodeIgniter\CodeIgniter->run()
#8 {main}
CRITICAL - 2021-11-13 03:34:09 -->  is not a valid rule.
#0 C:\xampp\htdocs\futureseekerslk\system\Validation\Validation.php(321): CodeIgniter\Validation\Exceptions\ValidationException::forRuleNotFound('')
#1 C:\xampp\htdocs\futureseekerslk\system\Validation\Validation.php(159): CodeIgniter\Validation\Validation->processRules('username', 'username', 'peterspider', Array, Array)
#2 C:\xampp\htdocs\futureseekerslk\system\Controller.php(183): CodeIgniter\Validation\Validation->run()
#3 C:\xampp\htdocs\futureseekerslk\app\Controllers\MyProfileEmployer.php(20): CodeIgniter\Controller->validate(Array)
#4 C:\xampp\htdocs\futureseekerslk\system\CodeIgniter.php(928): App\Controllers\MyProfileEmployer->editProfile()
#5 C:\xampp\htdocs\futureseekerslk\system\CodeIgniter.php(436): CodeIgniter\CodeIgniter->runController(Object(App\Controllers\MyProfileEmployer))
#6 C:\xampp\htdocs\futureseekerslk\system\CodeIgniter.php(336): CodeIgniter\CodeIgniter->handleRequest(NULL, Object(Config\Cache), false)
#7 C:\xampp\htdocs\futureseekerslk\public\index.php(37): CodeIgniter\CodeIgniter->run()
#8 {main}
CRITICAL - 2021-11-13 03:38:54 -->  is not a valid rule.
#0 C:\xampp\htdocs\futureseekerslk\system\Validation\Validation.php(321): CodeIgniter\Validation\Exceptions\ValidationException::forRuleNotFound('')
#1 C:\xampp\htdocs\futureseekerslk\system\Validation\Validation.php(159): CodeIgniter\Validation\Validation->processRules('username', 'username', 'peterspider', Array, Array)
#2 C:\xampp\htdocs\futureseekerslk\system\Controller.php(183): CodeIgniter\Validation\Validation->run()
#3 C:\xampp\htdocs\futureseekerslk\app\Controllers\MyProfileEmployer.php(20): CodeIgniter\Controller->validate(Array)
#4 C:\xampp\htdocs\futureseekerslk\system\CodeIgniter.php(928): App\Controllers\MyProfileEmployer->editProfile()
#5 C:\xampp\htdocs\futureseekerslk\system\CodeIgniter.php(436): CodeIgniter\CodeIgniter->runController(Object(App\Controllers\MyProfileEmployer))
#6 C:\xampp\htdocs\futureseekerslk\system\CodeIgniter.php(336): CodeIgniter\CodeIgniter->handleRequest(NULL, Object(Config\Cache), false)
#7 C:\xampp\htdocs\futureseekerslk\public\index.php(37): CodeIgniter\CodeIgniter->run()
#8 {main}
CRITICAL - 2021-11-13 03:40:36 -->  is not a valid rule.
#0 C:\xampp\htdocs\futureseekerslk\system\Validation\Validation.php(321): CodeIgniter\Validation\Exceptions\ValidationException::forRuleNotFound('')
#1 C:\xampp\htdocs\futureseekerslk\system\Validation\Validation.php(159): CodeIgniter\Validation\Validation->processRules('username', 'username', 'peterspider', Array, Array)
#2 C:\xampp\htdocs\futureseekerslk\system\Controller.php(183): CodeIgniter\Validation\Validation->run()
#3 C:\xampp\htdocs\futureseekerslk\app\Controllers\MyProfileEmployer.php(20): CodeIgniter\Controller->validate(Array)
#4 C:\xampp\htdocs\futureseekerslk\system\CodeIgniter.php(928): App\Controllers\MyProfileEmployer->editProfile()
#5 C:\xampp\htdocs\futureseekerslk\system\CodeIgniter.php(436): CodeIgniter\CodeIgniter->runController(Object(App\Controllers\MyProfileEmployer))
#6 C:\xampp\htdocs\futureseekerslk\system\CodeIgniter.php(336): CodeIgniter\CodeIgniter->handleRequest(NULL, Object(Config\Cache), false)
#7 C:\xampp\htdocs\futureseekerslk\public\index.php(37): CodeIgniter\CodeIgniter->run()
#8 {main}
CRITICAL - 2021-11-13 03:40:44 -->  is not a valid rule.
#0 C:\xampp\htdocs\futureseekerslk\system\Validation\Validation.php(321): CodeIgniter\Validation\Exceptions\ValidationException::forRuleNotFound('')
#1 C:\xampp\htdocs\futureseekerslk\system\Validation\Validation.php(159): CodeIgniter\Validation\Validation->processRules('username', 'username', 'peterspider', Array, Array)
#2 C:\xampp\htdocs\futureseekerslk\system\Controller.php(183): CodeIgniter\Validation\Validation->run()
#3 C:\xampp\htdocs\futureseekerslk\app\Controllers\MyProfileEmployer.php(20): CodeIgniter\Controller->validate(Array)
#4 C:\xampp\htdocs\futureseekerslk\system\CodeIgniter.php(928): App\Controllers\MyProfileEmployer->editProfile()
#5 C:\xampp\htdocs\futureseekerslk\system\CodeIgniter.php(436): CodeIgniter\CodeIgniter->runController(Object(App\Controllers\MyProfileEmployer))
#6 C:\xampp\htdocs\futureseekerslk\system\CodeIgniter.php(336): CodeIgniter\CodeIgniter->handleRequest(NULL, Object(Config\Cache), false)
#7 C:\xampp\htdocs\futureseekerslk\public\index.php(37): CodeIgniter\CodeIgniter->run()
#8 {main}
CRITICAL - 2021-11-13 03:43:08 -->  is not a valid rule.
#0 C:\xampp\htdocs\futureseekerslk\system\Validation\Validation.php(321): CodeIgniter\Validation\Exceptions\ValidationException::forRuleNotFound('')
#1 C:\xampp\htdocs\futureseekerslk\system\Validation\Validation.php(159): CodeIgniter\Validation\Validation->processRules('username', 'username', 'peterspider', Array, Array)
#2 C:\xampp\htdocs\futureseekerslk\system\Controller.php(183): CodeIgniter\Validation\Validation->run()
#3 C:\xampp\htdocs\futureseekerslk\app\Controllers\MyProfileEmployer.php(20): CodeIgniter\Controller->validate(Array)
#4 C:\xampp\htdocs\futureseekerslk\system\CodeIgniter.php(928): App\Controllers\MyProfileEmployer->editProfile()
#5 C:\xampp\htdocs\futureseekerslk\system\CodeIgniter.php(436): CodeIgniter\CodeIgniter->runController(Object(App\Controllers\MyProfileEmployer))
#6 C:\xampp\htdocs\futureseekerslk\system\CodeIgniter.php(336): CodeIgniter\CodeIgniter->handleRequest(NULL, Object(Config\Cache), false)
#7 C:\xampp\htdocs\futureseekerslk\public\index.php(37): CodeIgniter\CodeIgniter->run()
#8 {main}
CRITICAL - 2021-11-13 03:43:59 -->  is not a valid rule.
#0 C:\xampp\htdocs\futureseekerslk\system\Validation\Validation.php(321): CodeIgniter\Validation\Exceptions\ValidationException::forRuleNotFound('')
#1 C:\xampp\htdocs\futureseekerslk\system\Validation\Validation.php(159): CodeIgniter\Validation\Validation->processRules('username', 'username', 'peterspider', Array, Array)
#2 C:\xampp\htdocs\futureseekerslk\system\Controller.php(183): CodeIgniter\Validation\Validation->run()
#3 C:\xampp\htdocs\futureseekerslk\app\Controllers\MyProfileEmployer.php(20): CodeIgniter\Controller->validate(Array)
#4 C:\xampp\htdocs\futureseekerslk\system\CodeIgniter.php(928): App\Controllers\MyProfileEmployer->editProfile()
#5 C:\xampp\htdocs\futureseekerslk\system\CodeIgniter.php(436): CodeIgniter\CodeIgniter->runController(Object(App\Controllers\MyProfileEmployer))
#6 C:\xampp\htdocs\futureseekerslk\system\CodeIgniter.php(336): CodeIgniter\CodeIgniter->handleRequest(NULL, Object(Config\Cache), false)
#7 C:\xampp\htdocs\futureseekerslk\public\index.php(37): CodeIgniter\CodeIgniter->run()
#8 {main}
CRITICAL - 2021-11-13 03:45:12 --> Unmatched '}'
#0 C:\xampp\htdocs\futureseekerslk\system\Router\Router.php(169): CodeIgniter\Router\Router->autoRoute('MyProfileEmploy...')
#1 C:\xampp\htdocs\futureseekerslk\system\CodeIgniter.php(809): CodeIgniter\Router\Router->handle('MyProfileEmploy...')
#2 C:\xampp\htdocs\futureseekerslk\system\CodeIgniter.php(389): CodeIgniter\CodeIgniter->tryToRouteIt(Object(CodeIgniter\Router\RouteCollection))
#3 C:\xampp\htdocs\futureseekerslk\system\CodeIgniter.php(336): CodeIgniter\CodeIgniter->handleRequest(NULL, Object(Config\Cache), false)
#4 C:\xampp\htdocs\futureseekerslk\public\index.php(37): CodeIgniter\CodeIgniter->run()
#5 {main}
CRITICAL - 2021-11-13 03:45:37 -->  is not a valid rule.
#0 C:\xampp\htdocs\futureseekerslk\system\Validation\Validation.php(321): CodeIgniter\Validation\Exceptions\ValidationException::forRuleNotFound('')
#1 C:\xampp\htdocs\futureseekerslk\system\Validation\Validation.php(159): CodeIgniter\Validation\Validation->processRules('username', 'username', 'peterspider', Array, Array)
#2 C:\xampp\htdocs\futureseekerslk\system\Controller.php(183): CodeIgniter\Validation\Validation->run()
#3 C:\xampp\htdocs\futureseekerslk\app\Controllers\MyProfileEmployer.php(20): CodeIgniter\Controller->validate(Array)
#4 C:\xampp\htdocs\futureseekerslk\system\CodeIgniter.php(928): App\Controllers\MyProfileEmployer->editProfile()
#5 C:\xampp\htdocs\futureseekerslk\system\CodeIgniter.php(436): CodeIgniter\CodeIgniter->runController(Object(App\Controllers\MyProfileEmployer))
#6 C:\xampp\htdocs\futureseekerslk\system\CodeIgniter.php(336): CodeIgniter\CodeIgniter->handleRequest(NULL, Object(Config\Cache), false)
#7 C:\xampp\htdocs\futureseekerslk\public\index.php(37): CodeIgniter\CodeIgniter->run()
#8 {main}
CRITICAL - 2021-11-13 03:51:52 -->  is not a valid rule.
#0 C:\xampp\htdocs\futureseekerslk\system\Validation\Validation.php(321): CodeIgniter\Validation\Exceptions\ValidationException::forRuleNotFound('')
#1 C:\xampp\htdocs\futureseekerslk\system\Validation\Validation.php(159): CodeIgniter\Validation\Validation->processRules('username', 'username', 'peterspider', Array, Array)
#2 C:\xampp\htdocs\futureseekerslk\system\Controller.php(183): CodeIgniter\Validation\Validation->run()
#3 C:\xampp\htdocs\futureseekerslk\app\Controllers\MyProfileEmployer.php(20): CodeIgniter\Controller->validate(Array)
#4 C:\xampp\htdocs\futureseekerslk\system\CodeIgniter.php(928): App\Controllers\MyProfileEmployer->editProfile()
#5 C:\xampp\htdocs\futureseekerslk\system\CodeIgniter.php(436): CodeIgniter\CodeIgniter->runController(Object(App\Controllers\MyProfileEmployer))
#6 C:\xampp\htdocs\futureseekerslk\system\CodeIgniter.php(336): CodeIgniter\CodeIgniter->handleRequest(NULL, Object(Config\Cache), false)
#7 C:\xampp\htdocs\futureseekerslk\public\index.php(37): CodeIgniter\CodeIgniter->run()
#8 {main}
CRITICAL - 2021-11-13 03:56:36 -->  is not a valid rule.
#0 C:\xampp\htdocs\futureseekerslk\system\Validation\Validation.php(321): CodeIgniter\Validation\Exceptions\ValidationException::forRuleNotFound('')
#1 C:\xampp\htdocs\futureseekerslk\system\Validation\Validation.php(159): CodeIgniter\Validation\Validation->processRules('username', 'username', 'peterspider', Array, Array)
#2 C:\xampp\htdocs\futureseekerslk\system\Controller.php(183): CodeIgniter\Validation\Validation->run()
#3 C:\xampp\htdocs\futureseekerslk\app\Controllers\MyProfileEmployer.php(20): CodeIgniter\Controller->validate(Array)
#4 C:\xampp\htdocs\futureseekerslk\system\CodeIgniter.php(928): App\Controllers\MyProfileEmployer->editProfile()
#5 C:\xampp\htdocs\futureseekerslk\system\CodeIgniter.php(436): CodeIgniter\CodeIgniter->runController(Object(App\Controllers\MyProfileEmployer))
#6 C:\xampp\htdocs\futureseekerslk\system\CodeIgniter.php(336): CodeIgniter\CodeIgniter->handleRequest(NULL, Object(Config\Cache), false)
#7 C:\xampp\htdocs\futureseekerslk\public\index.php(37): CodeIgniter\CodeIgniter->run()
#8 {main}
CRITICAL - 2021-11-13 04:01:57 -->  is not a valid rule.
#0 C:\xampp\htdocs\futureseekerslk\system\Validation\Validation.php(321): CodeIgniter\Validation\Exceptions\ValidationException::forRuleNotFound('')
#1 C:\xampp\htdocs\futureseekerslk\system\Validation\Validation.php(159): CodeIgniter\Validation\Validation->processRules('username', 'username', 'peterspider', Array, Array)
#2 C:\xampp\htdocs\futureseekerslk\system\Controller.php(183): CodeIgniter\Validation\Validation->run()
#3 C:\xampp\htdocs\futureseekerslk\app\Controllers\MyProfileEmployer.php(21): CodeIgniter\Controller->validate(Array)
#4 C:\xampp\htdocs\futureseekerslk\system\CodeIgniter.php(928): App\Controllers\MyProfileEmployer->editProfile()
#5 C:\xampp\htdocs\futureseekerslk\system\CodeIgniter.php(436): CodeIgniter\CodeIgniter->runController(Object(App\Controllers\MyProfileEmployer))
#6 C:\xampp\htdocs\futureseekerslk\system\CodeIgniter.php(336): CodeIgniter\CodeIgniter->handleRequest(NULL, Object(Config\Cache), false)
#7 C:\xampp\htdocs\futureseekerslk\public\index.php(37): CodeIgniter\CodeIgniter->run()
#8 {main}
CRITICAL - 2021-11-13 04:02:49 -->  is not a valid rule.
#0 C:\xampp\htdocs\futureseekerslk\system\Validation\Validation.php(321): CodeIgniter\Validation\Exceptions\ValidationException::forRuleNotFound('')
#1 C:\xampp\htdocs\futureseekerslk\system\Validation\Validation.php(159): CodeIgniter\Validation\Validation->processRules('username', 'username', 'peterspider', Array, Array)
#2 C:\xampp\htdocs\futureseekerslk\system\Controller.php(183): CodeIgniter\Validation\Validation->run()
#3 C:\xampp\htdocs\futureseekerslk\app\Controllers\MyProfileEmployer.php(20): CodeIgniter\Controller->validate(Array)
#4 C:\xampp\htdocs\futureseekerslk\system\CodeIgniter.php(928): App\Controllers\MyProfileEmployer->editProfile()
#5 C:\xampp\htdocs\futureseekerslk\system\CodeIgniter.php(436): CodeIgniter\CodeIgniter->runController(Object(App\Controllers\MyProfileEmployer))
#6 C:\xampp\htdocs\futureseekerslk\system\CodeIgniter.php(336): CodeIgniter\CodeIgniter->handleRequest(NULL, Object(Config\Cache), false)
#7 C:\xampp\htdocs\futureseekerslk\public\index.php(37): CodeIgniter\CodeIgniter->run()
#8 {main}
CRITICAL - 2021-11-13 04:18:10 --> Call to undefined function set_value()
#0 C:\xampp\htdocs\futureseekerslk\system\View\View.php(230): include()
#1 C:\xampp\htdocs\futureseekerslk\system\View\View.php(232): CodeIgniter\View\View->CodeIgniter\View\{closure}()
#2 C:\xampp\htdocs\futureseekerslk\system\Common.php(1271): CodeIgniter\View\View->render('MyProfileEmploy...', Array, true)
#3 C:\xampp\htdocs\futureseekerslk\app\Controllers\MyProfileEmployer.php(14): view('MyProfileEmploy...')
#4 C:\xampp\htdocs\futureseekerslk\system\CodeIgniter.php(928): App\Controllers\MyProfileEmployer->index()
#5 C:\xampp\htdocs\futureseekerslk\system\CodeIgniter.php(436): CodeIgniter\CodeIgniter->runController(Object(App\Controllers\MyProfileEmployer))
#6 C:\xampp\htdocs\futureseekerslk\system\CodeIgniter.php(336): CodeIgniter\CodeIgniter->handleRequest(NULL, Object(Config\Cache), false)
#7 C:\xampp\htdocs\futureseekerslk\public\index.php(37): CodeIgniter\CodeIgniter->run()
#8 {main}
CRITICAL - 2021-11-13 04:18:58 --> Call to undefined function set_value()
#0 C:\xampp\htdocs\futureseekerslk\system\View\View.php(230): include()
#1 C:\xampp\htdocs\futureseekerslk\system\View\View.php(232): CodeIgniter\View\View->CodeIgniter\View\{closure}()
#2 C:\xampp\htdocs\futureseekerslk\system\Common.php(1271): CodeIgniter\View\View->render('MyProfileEmploy...', Array, true)
#3 C:\xampp\htdocs\futureseekerslk\app\Controllers\MyProfileEmployer.php(14): view('MyProfileEmploy...')
#4 C:\xampp\htdocs\futureseekerslk\system\CodeIgniter.php(928): App\Controllers\MyProfileEmployer->index()
#5 C:\xampp\htdocs\futureseekerslk\system\CodeIgniter.php(436): CodeIgniter\CodeIgniter->runController(Object(App\Controllers\MyProfileEmployer))
#6 C:\xampp\htdocs\futureseekerslk\system\CodeIgniter.php(336): CodeIgniter\CodeIgniter->handleRequest(NULL, Object(Config\Cache), false)
#7 C:\xampp\htdocs\futureseekerslk\public\index.php(37): CodeIgniter\CodeIgniter->run()
#8 {main}
CRITICAL - 2021-11-13 04:19:02 --> Call to undefined function set_value()
#0 C:\xampp\htdocs\futureseekerslk\system\View\View.php(230): include()
#1 C:\xampp\htdocs\futureseekerslk\system\View\View.php(232): CodeIgniter\View\View->CodeIgniter\View\{closure}()
#2 C:\xampp\htdocs\futureseekerslk\system\Common.php(1271): CodeIgniter\View\View->render('MyProfileEmploy...', Array, true)
#3 C:\xampp\htdocs\futureseekerslk\app\Controllers\MyProfileEmployer.php(14): view('MyProfileEmploy...')
#4 C:\xampp\htdocs\futureseekerslk\system\CodeIgniter.php(928): App\Controllers\MyProfileEmployer->index()
#5 C:\xampp\htdocs\futureseekerslk\system\CodeIgniter.php(436): CodeIgniter\CodeIgniter->runController(Object(App\Controllers\MyProfileEmployer))
#6 C:\xampp\htdocs\futureseekerslk\system\CodeIgniter.php(336): CodeIgniter\CodeIgniter->handleRequest(NULL, Object(Config\Cache), false)
#7 C:\xampp\htdocs\futureseekerslk\public\index.php(37): CodeIgniter\CodeIgniter->run()
#8 {main}
CRITICAL - 2021-11-13 04:20:13 -->  is not a valid rule.
#0 C:\xampp\htdocs\futureseekerslk\system\Validation\Validation.php(321): CodeIgniter\Validation\Exceptions\ValidationException::forRuleNotFound('')
#1 C:\xampp\htdocs\futureseekerslk\system\Validation\Validation.php(159): CodeIgniter\Validation\Validation->processRules('username', 'username', 'peterspider', Array, Array)
#2 C:\xampp\htdocs\futureseekerslk\system\Controller.php(183): CodeIgniter\Validation\Validation->run()
#3 C:\xampp\htdocs\futureseekerslk\app\Controllers\MyProfileEmployer.php(20): CodeIgniter\Controller->validate(Array)
#4 C:\xampp\htdocs\futureseekerslk\system\CodeIgniter.php(928): App\Controllers\MyProfileEmployer->editProfile()
#5 C:\xampp\htdocs\futureseekerslk\system\CodeIgniter.php(436): CodeIgniter\CodeIgniter->runController(Object(App\Controllers\MyProfileEmployer))
#6 C:\xampp\htdocs\futureseekerslk\system\CodeIgniter.php(336): CodeIgniter\CodeIgniter->handleRequest(NULL, Object(Config\Cache), false)
#7 C:\xampp\htdocs\futureseekerslk\public\index.php(37): CodeIgniter\CodeIgniter->run()
#8 {main}
CRITICAL - 2021-11-13 04:29:58 --> required; is not a valid rule.
#0 C:\xampp\htdocs\futureseekerslk\system\Validation\Validation.php(321): CodeIgniter\Validation\Exceptions\ValidationException::forRuleNotFound('required;')
#1 C:\xampp\htdocs\futureseekerslk\system\Validation\Validation.php(159): CodeIgniter\Validation\Validation->processRules('logo', 'logo', '', Array, Array)
#2 C:\xampp\htdocs\futureseekerslk\system\Controller.php(183): CodeIgniter\Validation\Validation->run()
#3 C:\xampp\htdocs\futureseekerslk\app\Controllers\MyProfileEmployer.php(20): CodeIgniter\Controller->validate(Array)
#4 C:\xampp\htdocs\futureseekerslk\system\CodeIgniter.php(928): App\Controllers\MyProfileEmployer->editProfile()
#5 C:\xampp\htdocs\futureseekerslk\system\CodeIgniter.php(436): CodeIgniter\CodeIgniter->runController(Object(App\Controllers\MyProfileEmployer))
#6 C:\xampp\htdocs\futureseekerslk\system\CodeIgniter.php(336): CodeIgniter\CodeIgniter->handleRequest(NULL, Object(Config\Cache), false)
#7 C:\xampp\htdocs\futureseekerslk\public\index.php(37): CodeIgniter\CodeIgniter->run()
#8 {main}
CRITICAL - 2021-11-13 04:39:45 --> Call to a member function isValid() on null
#0 C:\xampp\htdocs\futureseekerslk\system\CodeIgniter.php(928): App\Controllers\MyProfileEmployer->editProfile()
#1 C:\xampp\htdocs\futureseekerslk\system\CodeIgniter.php(436): CodeIgniter\CodeIgniter->runController(Object(App\Controllers\MyProfileEmployer))
#2 C:\xampp\htdocs\futureseekerslk\system\CodeIgniter.php(336): CodeIgniter\CodeIgniter->handleRequest(NULL, Object(Config\Cache), false)
#3 C:\xampp\htdocs\futureseekerslk\public\index.php(37): CodeIgniter\CodeIgniter->run()
#4 {main}
ERROR - 2021-11-13 05:20:55 --> Unknown column 'peterspider' in 'field list'
CRITICAL - 2021-11-13 05:20:55 --> Unknown column 'peterspider' in 'field list'
#0 C:\xampp\htdocs\futureseekerslk\system\Database\MySQLi\Connection.php(329): mysqli->query('Update user_acc...')
#1 C:\xampp\htdocs\futureseekerslk\system\Database\BaseConnection.php(732): CodeIgniter\Database\MySQLi\Connection->execute('Update user_acc...')
#2 C:\xampp\htdocs\futureseekerslk\system\Database\BaseConnection.php(647): CodeIgniter\Database\BaseConnection->simpleQuery('Update user_acc...')
#3 C:\xampp\htdocs\futureseekerslk\system\BaseModel.php(1746): CodeIgniter\Database\BaseConnection->query('Update user_acc...')
#4 C:\xampp\htdocs\futureseekerslk\system\Model.php(796): CodeIgniter\BaseModel->__call('query', Array)
#5 C:\xampp\htdocs\futureseekerslk\app\Controllers\MyProfileEmployer.php(121): CodeIgniter\Model->__call('query', Array)
#6 C:\xampp\htdocs\futureseekerslk\system\CodeIgniter.php(928): App\Controllers\MyProfileEmployer->editProfile()
#7 C:\xampp\htdocs\futureseekerslk\system\CodeIgniter.php(436): CodeIgniter\CodeIgniter->runController(Object(App\Controllers\MyProfileEmployer))
#8 C:\xampp\htdocs\futureseekerslk\system\CodeIgniter.php(336): CodeIgniter\CodeIgniter->handleRequest(NULL, Object(Config\Cache), false)
#9 C:\xampp\htdocs\futureseekerslk\public\index.php(37): CodeIgniter\CodeIgniter->run()
#10 {main}
ERROR - 2021-11-13 05:21:45 --> Unknown column 'peterspider' in 'field list'
CRITICAL - 2021-11-13 05:21:45 --> Unknown column 'peterspider' in 'field list'
#0 C:\xampp\htdocs\futureseekerslk\system\Database\MySQLi\Connection.php(329): mysqli->query('Update user_acc...')
#1 C:\xampp\htdocs\futureseekerslk\system\Database\BaseConnection.php(732): CodeIgniter\Database\MySQLi\Connection->execute('Update user_acc...')
#2 C:\xampp\htdocs\futureseekerslk\system\Database\BaseConnection.php(647): CodeIgniter\Database\BaseConnection->simpleQuery('Update user_acc...')
#3 C:\xampp\htdocs\futureseekerslk\system\BaseModel.php(1746): CodeIgniter\Database\BaseConnection->query('Update user_acc...')
#4 C:\xampp\htdocs\futureseekerslk\system\Model.php(796): CodeIgniter\BaseModel->__call('query', Array)
#5 C:\xampp\htdocs\futureseekerslk\app\Controllers\MyProfileEmployer.php(121): CodeIgniter\Model->__call('query', Array)
#6 C:\xampp\htdocs\futureseekerslk\system\CodeIgniter.php(928): App\Controllers\MyProfileEmployer->editProfile()
#7 C:\xampp\htdocs\futureseekerslk\system\CodeIgniter.php(436): CodeIgniter\CodeIgniter->runController(Object(App\Controllers\MyProfileEmployer))
#8 C:\xampp\htdocs\futureseekerslk\system\CodeIgniter.php(336): CodeIgniter\CodeIgniter->handleRequest(NULL, Object(Config\Cache), false)
#9 C:\xampp\htdocs\futureseekerslk\public\index.php(37): CodeIgniter\CodeIgniter->run()
#10 {main}
CRITICAL - 2021-11-13 05:26:09 --> No file was uploaded.(4)
#0 C:\xampp\htdocs\futureseekerslk\system\CodeIgniter.php(928): App\Controllers\MyProfileEmployer->editProfile()
#1 C:\xampp\htdocs\futureseekerslk\system\CodeIgniter.php(436): CodeIgniter\CodeIgniter->runController(Object(App\Controllers\MyProfileEmployer))
#2 C:\xampp\htdocs\futureseekerslk\system\CodeIgniter.php(336): CodeIgniter\CodeIgniter->handleRequest(NULL, Object(Config\Cache), false)
#3 C:\xampp\htdocs\futureseekerslk\public\index.php(37): CodeIgniter\CodeIgniter->run()
#4 {main}
ERROR - 2021-11-13 05:26:39 --> Unknown column 'peter123' in 'field list'
CRITICAL - 2021-11-13 05:26:39 --> Unknown column 'peter123' in 'field list'
#0 C:\xampp\htdocs\futureseekerslk\system\Database\MySQLi\Connection.php(329): mysqli->query('Update user_acc...')
#1 C:\xampp\htdocs\futureseekerslk\system\Database\BaseConnection.php(732): CodeIgniter\Database\MySQLi\Connection->execute('Update user_acc...')
#2 C:\xampp\htdocs\futureseekerslk\system\Database\BaseConnection.php(647): CodeIgniter\Database\BaseConnection->simpleQuery('Update user_acc...')
#3 C:\xampp\htdocs\futureseekerslk\system\BaseModel.php(1746): CodeIgniter\Database\BaseConnection->query('Update user_acc...')
#4 C:\xampp\htdocs\futureseekerslk\system\Model.php(796): CodeIgniter\BaseModel->__call('query', Array)
#5 C:\xampp\htdocs\futureseekerslk\app\Controllers\MyProfileEmployer.php(121): CodeIgniter\Model->__call('query', Array)
#6 C:\xampp\htdocs\futureseekerslk\system\CodeIgniter.php(928): App\Controllers\MyProfileEmployer->editProfile()
#7 C:\xampp\htdocs\futureseekerslk\system\CodeIgniter.php(436): CodeIgniter\CodeIgniter->runController(Object(App\Controllers\MyProfileEmployer))
#8 C:\xampp\htdocs\futureseekerslk\system\CodeIgniter.php(336): CodeIgniter\CodeIgniter->handleRequest(NULL, Object(Config\Cache), false)
#9 C:\xampp\htdocs\futureseekerslk\public\index.php(37): CodeIgniter\CodeIgniter->run()
#10 {main}
ERROR - 2021-11-13 05:30:30 --> Unknown column 'peterspider' in 'field list'
CRITICAL - 2021-11-13 05:30:30 --> Unknown column 'peterspider' in 'field list'
#0 C:\xampp\htdocs\futureseekerslk\system\Database\MySQLi\Connection.php(329): mysqli->query('Update user_acc...')
#1 C:\xampp\htdocs\futureseekerslk\system\Database\BaseConnection.php(732): CodeIgniter\Database\MySQLi\Connection->execute('Update user_acc...')
#2 C:\xampp\htdocs\futureseekerslk\system\Database\BaseConnection.php(647): CodeIgniter\Database\BaseConnection->simpleQuery('Update user_acc...')
#3 C:\xampp\htdocs\futureseekerslk\system\BaseModel.php(1746): CodeIgniter\Database\BaseConnection->query('Update user_acc...')
#4 C:\xampp\htdocs\futureseekerslk\system\Model.php(796): CodeIgniter\BaseModel->__call('query', Array)
#5 C:\xampp\htdocs\futureseekerslk\app\Controllers\MyProfileEmployer.php(121): CodeIgniter\Model->__call('query', Array)
#6 C:\xampp\htdocs\futureseekerslk\system\CodeIgniter.php(928): App\Controllers\MyProfileEmployer->editProfile()
#7 C:\xampp\htdocs\futureseekerslk\system\CodeIgniter.php(436): CodeIgniter\CodeIgniter->runController(Object(App\Controllers\MyProfileEmployer))
#8 C:\xampp\htdocs\futureseekerslk\system\CodeIgniter.php(336): CodeIgniter\CodeIgniter->handleRequest(NULL, Object(Config\Cache), false)
#9 C:\xampp\htdocs\futureseekerslk\public\index.php(37): CodeIgniter\CodeIgniter->run()
#10 {main}
ERROR - 2021-11-13 05:33:13 --> You have an error in your SQL syntax; check the manual that corresponds to your MariaDB server version for the right syntax to use near '@gmail.com,
                                        logo_dir = 1636803193_64...' at line 4
CRITICAL - 2021-11-13 05:33:13 --> You have an error in your SQL syntax; check the manual that corresponds to your MariaDB server version for the right syntax to use near '@gmail.com,
                                        logo_dir = 1636803193_64...' at line 4
#0 C:\xampp\htdocs\futureseekerslk\system\Database\MySQLi\Connection.php(329): mysqli->query('Update company\r...')
#1 C:\xampp\htdocs\futureseekerslk\system\Database\BaseConnection.php(732): CodeIgniter\Database\MySQLi\Connection->execute('Update company\r...')
#2 C:\xampp\htdocs\futureseekerslk\system\Database\BaseConnection.php(647): CodeIgniter\Database\BaseConnection->simpleQuery('Update company\r...')
#3 C:\xampp\htdocs\futureseekerslk\system\BaseModel.php(1746): CodeIgniter\Database\BaseConnection->query('Update company\r...')
#4 C:\xampp\htdocs\futureseekerslk\system\Model.php(796): CodeIgniter\BaseModel->__call('query', Array)
#5 C:\xampp\htdocs\futureseekerslk\app\Controllers\MyProfileEmployer.php(139): CodeIgniter\Model->__call('query', Array)
#6 C:\xampp\htdocs\futureseekerslk\system\CodeIgniter.php(928): App\Controllers\MyProfileEmployer->editProfile()
#7 C:\xampp\htdocs\futureseekerslk\system\CodeIgniter.php(436): CodeIgniter\CodeIgniter->runController(Object(App\Controllers\MyProfileEmployer))
#8 C:\xampp\htdocs\futureseekerslk\system\CodeIgniter.php(336): CodeIgniter\CodeIgniter->handleRequest(NULL, Object(Config\Cache), false)
#9 C:\xampp\htdocs\futureseekerslk\public\index.php(37): CodeIgniter\CodeIgniter->run()
#10 {main}
ERROR - 2021-11-13 05:33:29 --> You have an error in your SQL syntax; check the manual that corresponds to your MariaDB server version for the right syntax to use near '@gmail.com,
                                        logo_dir = 1636803209_4b...' at line 4
CRITICAL - 2021-11-13 05:33:29 --> You have an error in your SQL syntax; check the manual that corresponds to your MariaDB server version for the right syntax to use near '@gmail.com,
                                        logo_dir = 1636803209_4b...' at line 4
#0 C:\xampp\htdocs\futureseekerslk\system\Database\MySQLi\Connection.php(329): mysqli->query('Update company\r...')
#1 C:\xampp\htdocs\futureseekerslk\system\Database\BaseConnection.php(732): CodeIgniter\Database\MySQLi\Connection->execute('Update company\r...')
#2 C:\xampp\htdocs\futureseekerslk\system\Database\BaseConnection.php(647): CodeIgniter\Database\BaseConnection->simpleQuery('Update company\r...')
#3 C:\xampp\htdocs\futureseekerslk\system\BaseModel.php(1746): CodeIgniter\Database\BaseConnection->query('Update company\r...')
#4 C:\xampp\htdocs\futureseekerslk\system\Model.php(796): CodeIgniter\BaseModel->__call('query', Array)
#5 C:\xampp\htdocs\futureseekerslk\app\Controllers\MyProfileEmployer.php(139): CodeIgniter\Model->__call('query', Array)
#6 C:\xampp\htdocs\futureseekerslk\system\CodeIgniter.php(928): App\Controllers\MyProfileEmployer->editProfile()
#7 C:\xampp\htdocs\futureseekerslk\system\CodeIgniter.php(436): CodeIgniter\CodeIgniter->runController(Object(App\Controllers\MyProfileEmployer))
#8 C:\xampp\htdocs\futureseekerslk\system\CodeIgniter.php(336): CodeIgniter\CodeIgniter->handleRequest(NULL, Object(Config\Cache), false)
#9 C:\xampp\htdocs\futureseekerslk\public\index.php(37): CodeIgniter\CodeIgniter->run()
#10 {main}
ERROR - 2021-11-13 05:35:01 --> You have an error in your SQL syntax; check the manual that corresponds to your MariaDB server version for the right syntax to use near 'Parker
                                          contactNo = 01124586973
  ...' at line 2
CRITICAL - 2021-11-13 05:35:01 --> You have an error in your SQL syntax; check the manual that corresponds to your MariaDB server version for the right syntax to use near 'Parker
                                          contactNo = 01124586973
  ...' at line 2
#0 C:\xampp\htdocs\futureseekerslk\system\Database\MySQLi\Connection.php(329): mysqli->query('Update employer...')
#1 C:\xampp\htdocs\futureseekerslk\system\Database\BaseConnection.php(732): CodeIgniter\Database\MySQLi\Connection->execute('Update employer...')
#2 C:\xampp\htdocs\futureseekerslk\system\Database\BaseConnection.php(647): CodeIgniter\Database\BaseConnection->simpleQuery('Update employer...')
#3 C:\xampp\htdocs\futureseekerslk\system\BaseModel.php(1746): CodeIgniter\Database\BaseConnection->query('Update employer...')
#4 C:\xampp\htdocs\futureseekerslk\system\Model.php(796): CodeIgniter\BaseModel->__call('query', Array)
#5 C:\xampp\htdocs\futureseekerslk\app\Controllers\MyProfileEmployer.php(157): CodeIgniter\Model->__call('query', Array)
#6 C:\xampp\htdocs\futureseekerslk\system\CodeIgniter.php(928): App\Controllers\MyProfileEmployer->editProfile()
#7 C:\xampp\htdocs\futureseekerslk\system\CodeIgniter.php(436): CodeIgniter\CodeIgniter->runController(Object(App\Controllers\MyProfileEmployer))
#8 C:\xampp\htdocs\futureseekerslk\system\CodeIgniter.php(336): CodeIgniter\CodeIgniter->handleRequest(NULL, Object(Config\Cache), false)
#9 C:\xampp\htdocs\futureseekerslk\public\index.php(37): CodeIgniter\CodeIgniter->run()
#10 {main}
ERROR - 2021-11-13 05:38:30 --> You have an error in your SQL syntax; check the manual that corresponds to your MariaDB server version for the right syntax to use near 'Parker
                                          contactNo = 01124586973
  ...' at line 2
CRITICAL - 2021-11-13 05:38:30 --> You have an error in your SQL syntax; check the manual that corresponds to your MariaDB server version for the right syntax to use near 'Parker
                                          contactNo = 01124586973
  ...' at line 2
#0 C:\xampp\htdocs\futureseekerslk\system\Database\MySQLi\Connection.php(329): mysqli->query('update employer...')
#1 C:\xampp\htdocs\futureseekerslk\system\Database\BaseConnection.php(732): CodeIgniter\Database\MySQLi\Connection->execute('update employer...')
#2 C:\xampp\htdocs\futureseekerslk\system\Database\BaseConnection.php(647): CodeIgniter\Database\BaseConnection->simpleQuery('update employer...')
#3 C:\xampp\htdocs\futureseekerslk\system\BaseModel.php(1746): CodeIgniter\Database\BaseConnection->query('update employer...')
#4 C:\xampp\htdocs\futureseekerslk\system\Model.php(796): CodeIgniter\BaseModel->__call('query', Array)
#5 C:\xampp\htdocs\futureseekerslk\app\Controllers\MyProfileEmployer.php(157): CodeIgniter\Model->__call('query', Array)
#6 C:\xampp\htdocs\futureseekerslk\system\CodeIgniter.php(928): App\Controllers\MyProfileEmployer->editProfile()
#7 C:\xampp\htdocs\futureseekerslk\system\CodeIgniter.php(436): CodeIgniter\CodeIgniter->runController(Object(App\Controllers\MyProfileEmployer))
#8 C:\xampp\htdocs\futureseekerslk\system\CodeIgniter.php(336): CodeIgniter\CodeIgniter->handleRequest(NULL, Object(Config\Cache), false)
#9 C:\xampp\htdocs\futureseekerslk\public\index.php(37): CodeIgniter\CodeIgniter->run()
#10 {main}
ERROR - 2021-11-13 05:40:17 --> You have an error in your SQL syntax; check the manual that corresponds to your MariaDB server version for the right syntax to use near 'Parker,
                                          contactNo = 01124586973,
...' at line 2
CRITICAL - 2021-11-13 05:40:17 --> You have an error in your SQL syntax; check the manual that corresponds to your MariaDB server version for the right syntax to use near 'Parker,
                                          contactNo = 01124586973,
...' at line 2
#0 C:\xampp\htdocs\futureseekerslk\system\Database\MySQLi\Connection.php(329): mysqli->query('update employer...')
#1 C:\xampp\htdocs\futureseekerslk\system\Database\BaseConnection.php(732): CodeIgniter\Database\MySQLi\Connection->execute('update employer...')
#2 C:\xampp\htdocs\futureseekerslk\system\Database\BaseConnection.php(647): CodeIgniter\Database\BaseConnection->simpleQuery('update employer...')
#3 C:\xampp\htdocs\futureseekerslk\system\BaseModel.php(1746): CodeIgniter\Database\BaseConnection->query('update employer...')
#4 C:\xampp\htdocs\futureseekerslk\system\Model.php(796): CodeIgniter\BaseModel->__call('query', Array)
#5 C:\xampp\htdocs\futureseekerslk\app\Controllers\MyProfileEmployer.php(157): CodeIgniter\Model->__call('query', Array)
#6 C:\xampp\htdocs\futureseekerslk\system\CodeIgniter.php(928): App\Controllers\MyProfileEmployer->editProfile()
#7 C:\xampp\htdocs\futureseekerslk\system\CodeIgniter.php(436): CodeIgniter\CodeIgniter->runController(Object(App\Controllers\MyProfileEmployer))
#8 C:\xampp\htdocs\futureseekerslk\system\CodeIgniter.php(336): CodeIgniter\CodeIgniter->handleRequest(NULL, Object(Config\Cache), false)
#9 C:\xampp\htdocs\futureseekerslk\public\index.php(37): CodeIgniter\CodeIgniter->run()
#10 {main}
ERROR - 2021-11-13 05:42:08 --> You have an error in your SQL syntax; check the manual that corresponds to your MariaDB server version for the right syntax to use near 'Parker, contactNo = 01124586973, jobPosition = HR Manager, email = hr@gmail.c...' at line 1
CRITICAL - 2021-11-13 05:42:08 --> You have an error in your SQL syntax; check the manual that corresponds to your MariaDB server version for the right syntax to use near 'Parker, contactNo = 01124586973, jobPosition = HR Manager, email = hr@gmail.c...' at line 1
#0 C:\xampp\htdocs\futureseekerslk\system\Database\MySQLi\Connection.php(329): mysqli->query('update employer...')
#1 C:\xampp\htdocs\futureseekerslk\system\Database\BaseConnection.php(732): CodeIgniter\Database\MySQLi\Connection->execute('update employer...')
#2 C:\xampp\htdocs\futureseekerslk\system\Database\BaseConnection.php(647): CodeIgniter\Database\BaseConnection->simpleQuery('update employer...')
#3 C:\xampp\htdocs\futureseekerslk\system\BaseModel.php(1746): CodeIgniter\Database\BaseConnection->query('update employer...')
#4 C:\xampp\htdocs\futureseekerslk\system\Model.php(796): CodeIgniter\BaseModel->__call('query', Array)
#5 C:\xampp\htdocs\futureseekerslk\app\Controllers\MyProfileEmployer.php(152): CodeIgniter\Model->__call('query', Array)
#6 C:\xampp\htdocs\futureseekerslk\system\CodeIgniter.php(928): App\Controllers\MyProfileEmployer->editProfile()
#7 C:\xampp\htdocs\futureseekerslk\system\CodeIgniter.php(436): CodeIgniter\CodeIgniter->runController(Object(App\Controllers\MyProfileEmployer))
#8 C:\xampp\htdocs\futureseekerslk\system\CodeIgniter.php(336): CodeIgniter\CodeIgniter->handleRequest(NULL, Object(Config\Cache), false)
#9 C:\xampp\htdocs\futureseekerslk\public\index.php(37): CodeIgniter\CodeIgniter->run()
#10 {main}
ERROR - 2021-11-13 05:44:28 --> You have an error in your SQL syntax; check the manual that corresponds to your MariaDB server version for the right syntax to use near 'Parker, contactNo = 01124586973, jobPosition = HR Manager, email = hr@gmail.c...' at line 1
CRITICAL - 2021-11-13 05:44:28 --> You have an error in your SQL syntax; check the manual that corresponds to your MariaDB server version for the right syntax to use near 'Parker, contactNo = 01124586973, jobPosition = HR Manager, email = hr@gmail.c...' at line 1
#0 C:\xampp\htdocs\futureseekerslk\system\Database\MySQLi\Connection.php(329): mysqli->query('update employer...')
#1 C:\xampp\htdocs\futureseekerslk\system\Database\BaseConnection.php(732): CodeIgniter\Database\MySQLi\Connection->execute('update employer...')
#2 C:\xampp\htdocs\futureseekerslk\system\Database\BaseConnection.php(647): CodeIgniter\Database\BaseConnection->simpleQuery('update employer...')
#3 C:\xampp\htdocs\futureseekerslk\system\BaseModel.php(1746): CodeIgniter\Database\BaseConnection->query('update employer...')
#4 C:\xampp\htdocs\futureseekerslk\system\Model.php(796): CodeIgniter\BaseModel->__call('query', Array)
#5 C:\xampp\htdocs\futureseekerslk\app\Controllers\MyProfileEmployer.php(152): CodeIgniter\Model->__call('query', Array)
#6 C:\xampp\htdocs\futureseekerslk\system\CodeIgniter.php(928): App\Controllers\MyProfileEmployer->editProfile()
#7 C:\xampp\htdocs\futureseekerslk\system\CodeIgniter.php(436): CodeIgniter\CodeIgniter->runController(Object(App\Controllers\MyProfileEmployer))
#8 C:\xampp\htdocs\futureseekerslk\system\CodeIgniter.php(336): CodeIgniter\CodeIgniter->handleRequest(NULL, Object(Config\Cache), false)
#9 C:\xampp\htdocs\futureseekerslk\public\index.php(37): CodeIgniter\CodeIgniter->run()
#10 {main}
ERROR - 2021-11-13 05:45:48 --> Unknown column 'peter123' in 'field list'
CRITICAL - 2021-11-13 05:45:48 --> Unknown column 'peter123' in 'field list'
#0 C:\xampp\htdocs\futureseekerslk\system\Database\MySQLi\Connection.php(329): mysqli->query('Update user_acc...')
#1 C:\xampp\htdocs\futureseekerslk\system\Database\BaseConnection.php(732): CodeIgniter\Database\MySQLi\Connection->execute('Update user_acc...')
#2 C:\xampp\htdocs\futureseekerslk\system\Database\BaseConnection.php(647): CodeIgniter\Database\BaseConnection->simpleQuery('Update user_acc...')
#3 C:\xampp\htdocs\futureseekerslk\system\BaseModel.php(1746): CodeIgniter\Database\BaseConnection->query('Update user_acc...')
#4 C:\xampp\htdocs\futureseekerslk\system\Model.php(796): CodeIgniter\BaseModel->__call('query', Array)
#5 C:\xampp\htdocs\futureseekerslk\app\Controllers\MyProfileEmployer.php(121): CodeIgniter\Model->__call('query', Array)
#6 C:\xampp\htdocs\futureseekerslk\system\CodeIgniter.php(928): App\Controllers\MyProfileEmployer->editProfile()
#7 C:\xampp\htdocs\futureseekerslk\system\CodeIgniter.php(436): CodeIgniter\CodeIgniter->runController(Object(App\Controllers\MyProfileEmployer))
#8 C:\xampp\htdocs\futureseekerslk\system\CodeIgniter.php(336): CodeIgniter\CodeIgniter->handleRequest(NULL, Object(Config\Cache), false)
#9 C:\xampp\htdocs\futureseekerslk\public\index.php(37): CodeIgniter\CodeIgniter->run()
#10 {main}
ERROR - 2021-11-13 06:00:55 --> Unknown column 'pep' in 'field list'
CRITICAL - 2021-11-13 06:00:55 --> Unknown column 'pep' in 'field list'
#0 C:\xampp\htdocs\futureseekerslk\system\Database\MySQLi\Connection.php(329): mysqli->query('Update user_acc...')
#1 C:\xampp\htdocs\futureseekerslk\system\Database\BaseConnection.php(732): CodeIgniter\Database\MySQLi\Connection->execute('Update user_acc...')
#2 C:\xampp\htdocs\futureseekerslk\system\Database\BaseConnection.php(647): CodeIgniter\Database\BaseConnection->simpleQuery('Update user_acc...')
#3 C:\xampp\htdocs\futureseekerslk\system\BaseModel.php(1746): CodeIgniter\Database\BaseConnection->query('Update user_acc...')
#4 C:\xampp\htdocs\futureseekerslk\system\Model.php(796): CodeIgniter\BaseModel->__call('query', Array)
#5 C:\xampp\htdocs\futureseekerslk\app\Controllers\MyProfileEmployer.php(121): CodeIgniter\Model->__call('query', Array)
#6 C:\xampp\htdocs\futureseekerslk\system\CodeIgniter.php(928): App\Controllers\MyProfileEmployer->editProfile()
#7 C:\xampp\htdocs\futureseekerslk\system\CodeIgniter.php(436): CodeIgniter\CodeIgniter->runController(Object(App\Controllers\MyProfileEmployer))
#8 C:\xampp\htdocs\futureseekerslk\system\CodeIgniter.php(336): CodeIgniter\CodeIgniter->handleRequest(NULL, Object(Config\Cache), false)
#9 C:\xampp\htdocs\futureseekerslk\public\index.php(37): CodeIgniter\CodeIgniter->run()
#10 {main}
ERROR - 2021-11-13 06:05:38 --> You have an error in your SQL syntax; check the manual that corresponds to your MariaDB server version for the right syntax to use near '@gmail.com,
                                        logo_dir = 1636805137_21...' at line 4
CRITICAL - 2021-11-13 06:05:38 --> You have an error in your SQL syntax; check the manual that corresponds to your MariaDB server version for the right syntax to use near '@gmail.com,
                                        logo_dir = 1636805137_21...' at line 4
#0 C:\xampp\htdocs\futureseekerslk\system\Database\MySQLi\Connection.php(329): mysqli->query('Update company\r...')
#1 C:\xampp\htdocs\futureseekerslk\system\Database\BaseConnection.php(732): CodeIgniter\Database\MySQLi\Connection->execute('Update company\r...')
#2 C:\xampp\htdocs\futureseekerslk\system\Database\BaseConnection.php(647): CodeIgniter\Database\BaseConnection->simpleQuery('Update company\r...')
#3 C:\xampp\htdocs\futureseekerslk\system\BaseModel.php(1746): CodeIgniter\Database\BaseConnection->query('Update company\r...')
#4 C:\xampp\htdocs\futureseekerslk\system\Model.php(796): CodeIgniter\BaseModel->__call('query', Array)
#5 C:\xampp\htdocs\futureseekerslk\app\Controllers\MyProfileEmployer.php(139): CodeIgniter\Model->__call('query', Array)
#6 C:\xampp\htdocs\futureseekerslk\system\CodeIgniter.php(928): App\Controllers\MyProfileEmployer->editProfile()
#7 C:\xampp\htdocs\futureseekerslk\system\CodeIgniter.php(436): CodeIgniter\CodeIgniter->runController(Object(App\Controllers\MyProfileEmployer))
#8 C:\xampp\htdocs\futureseekerslk\system\CodeIgniter.php(336): CodeIgniter\CodeIgniter->handleRequest(NULL, Object(Config\Cache), false)
#9 C:\xampp\htdocs\futureseekerslk\public\index.php(37): CodeIgniter\CodeIgniter->run()
#10 {main}
CRITICAL - 2021-11-13 06:53:59 --> Call to undefined function set_value()
#0 C:\xampp\htdocs\futureseekerslk\system\View\View.php(230): include()
#1 C:\xampp\htdocs\futureseekerslk\system\View\View.php(232): CodeIgniter\View\View->CodeIgniter\View\{closure}()
#2 C:\xampp\htdocs\futureseekerslk\system\Common.php(1271): CodeIgniter\View\View->render('MyProfileApplic...', Array, true)
#3 C:\xampp\htdocs\futureseekerslk\app\Controllers\ApplicantHome.php(15): view('MyProfileApplic...')
#4 C:\xampp\htdocs\futureseekerslk\system\CodeIgniter.php(928): App\Controllers\ApplicantHome->index()
#5 C:\xampp\htdocs\futureseekerslk\system\CodeIgniter.php(436): CodeIgniter\CodeIgniter->runController(Object(App\Controllers\ApplicantHome))
#6 C:\xampp\htdocs\futureseekerslk\system\CodeIgniter.php(336): CodeIgniter\CodeIgniter->handleRequest(NULL, Object(Config\Cache), false)
#7 C:\xampp\htdocs\futureseekerslk\public\index.php(37): CodeIgniter\CodeIgniter->run()
#8 {main}
