ERROR - 2021-11-09 03:17:06 --> Table 'futureseekerslk.applicant' doesn't exist
CRITICAL - 2021-11-09 03:17:06 --> Table 'futureseekerslk.applicant' doesn't exist
#0 C:\xampp\htdocs\futureseekerslk\system\Database\MySQLi\Connection.php(329): mysqli->query('SELECT 1\nFROM `...')
#1 C:\xampp\htdocs\futureseekerslk\system\Database\BaseConnection.php(732): CodeIgniter\Database\MySQLi\Connection->execute('SELECT 1\nFROM `...')
#2 C:\xampp\htdocs\futureseekerslk\system\Database\BaseConnection.php(647): CodeIgniter\Database\BaseConnection->simpleQuery('SELECT 1\nFROM `...')
#3 C:\xampp\htdocs\futureseekerslk\system\Database\BaseBuilder.php(1881): CodeIgniter\Database\BaseConnection->query('SELECT 1\nFROM `...', Array, false)
#4 C:\xampp\htdocs\futureseekerslk\system\Validation\Rules.php(206): CodeIgniter\Database\BaseBuilder->get()
#5 C:\xampp\htdocs\futureseekerslk\system\Validation\Validation.php(312): CodeIgniter\Validation\Rules->is_unique('ryan34@gmail.co...', 'email', Array, NULL)
#6 C:\xampp\htdocs\futureseekerslk\system\Validation\Validation.php(159): CodeIgniter\Validation\Validation->processRules('email', 'email', 'ryan34@gmail.co...', Array, Array)
#7 C:\xampp\htdocs\futureseekerslk\system\Controller.php(183): CodeIgniter\Validation\Validation->run()
#8 C:\xampp\htdocs\futureseekerslk\app\Controllers\Register.php(207): CodeIgniter\Controller->validate(Array)
#9 C:\xampp\htdocs\futureseekerslk\system\CodeIgniter.php(928): App\Controllers\Register->createJobSeeker()
#10 C:\xampp\htdocs\futureseekerslk\system\CodeIgniter.php(436): CodeIgniter\CodeIgniter->runController(Object(App\Controllers\Register))
#11 C:\xampp\htdocs\futureseekerslk\system\CodeIgniter.php(336): CodeIgniter\CodeIgniter->handleRequest(NULL, Object(Config\Cache), false)
#12 C:\xampp\htdocs\futureseekerslk\public\index.php(37): CodeIgniter\CodeIgniter->run()
#13 {main}
ERROR - 2021-11-09 03:19:01 --> Table 'futureseekerslk.jobseeker' doesn't exist
CRITICAL - 2021-11-09 03:19:01 --> Table 'futureseekerslk.jobseeker' doesn't exist
#0 C:\xampp\htdocs\futureseekerslk\system\Database\MySQLi\Connection.php(329): mysqli->query('SELECT 1\nFROM `...')
#1 C:\xampp\htdocs\futureseekerslk\system\Database\BaseConnection.php(732): CodeIgniter\Database\MySQLi\Connection->execute('SELECT 1\nFROM `...')
#2 C:\xampp\htdocs\futureseekerslk\system\Database\BaseConnection.php(647): CodeIgniter\Database\BaseConnection->simpleQuery('SELECT 1\nFROM `...')
#3 C:\xampp\htdocs\futureseekerslk\system\Database\BaseBuilder.php(1881): CodeIgniter\Database\BaseConnection->query('SELECT 1\nFROM `...', Array, false)
#4 C:\xampp\htdocs\futureseekerslk\system\Validation\Rules.php(206): CodeIgniter\Database\BaseBuilder->get()
#5 C:\xampp\htdocs\futureseekerslk\system\Validation\Validation.php(312): CodeIgniter\Validation\Rules->is_unique('ryan34@gmail.co...', 'email', Array, NULL)
#6 C:\xampp\htdocs\futureseekerslk\system\Validation\Validation.php(159): CodeIgniter\Validation\Validation->processRules('email', 'email', 'ryan34@gmail.co...', Array, Array)
#7 C:\xampp\htdocs\futureseekerslk\system\Controller.php(183): CodeIgniter\Validation\Validation->run()
#8 C:\xampp\htdocs\futureseekerslk\app\Controllers\Register.php(207): CodeIgniter\Controller->validate(Array)
#9 C:\xampp\htdocs\futureseekerslk\system\CodeIgniter.php(928): App\Controllers\Register->createJobSeeker()
#10 C:\xampp\htdocs\futureseekerslk\system\CodeIgniter.php(436): CodeIgniter\CodeIgniter->runController(Object(App\Controllers\Register))
#11 C:\xampp\htdocs\futureseekerslk\system\CodeIgniter.php(336): CodeIgniter\CodeIgniter->handleRequest(NULL, Object(Config\Cache), false)
#12 C:\xampp\htdocs\futureseekerslk\public\index.php(37): CodeIgniter\CodeIgniter->run()
#13 {main}
CRITICAL - 2021-11-09 03:20:34 --> CheckAge is not a valid rule.
#0 C:\xampp\htdocs\futureseekerslk\system\Validation\Validation.php(321): CodeIgniter\Validation\Exceptions\ValidationException::forRuleNotFound('CheckAge')
#1 C:\xampp\htdocs\futureseekerslk\system\Validation\Validation.php(159): CodeIgniter\Validation\Validation->processRules('dob', 'dob', '1985-10-15', Array, Array)
#2 C:\xampp\htdocs\futureseekerslk\system\Controller.php(183): CodeIgniter\Validation\Validation->run()
#3 C:\xampp\htdocs\futureseekerslk\app\Controllers\Register.php(207): CodeIgniter\Controller->validate(Array)
#4 C:\xampp\htdocs\futureseekerslk\system\CodeIgniter.php(928): App\Controllers\Register->createJobSeeker()
#5 C:\xampp\htdocs\futureseekerslk\system\CodeIgniter.php(436): CodeIgniter\CodeIgniter->runController(Object(App\Controllers\Register))
#6 C:\xampp\htdocs\futureseekerslk\system\CodeIgniter.php(336): CodeIgniter\CodeIgniter->handleRequest(NULL, Object(Config\Cache), false)
#7 C:\xampp\htdocs\futureseekerslk\public\index.php(37): CodeIgniter\CodeIgniter->run()
#8 {main}
ERROR - 2021-11-09 09:22:12 --> Column 'username' cannot be null
CRITICAL - 2021-11-09 09:22:12 --> Column 'username' cannot be null
#0 C:\xampp\htdocs\futureseekerslk\system\Database\MySQLi\Connection.php(329): mysqli->query('INSERT INTO `us...')
#1 C:\xampp\htdocs\futureseekerslk\system\Database\BaseConnection.php(732): CodeIgniter\Database\MySQLi\Connection->execute('INSERT INTO `us...')
#2 C:\xampp\htdocs\futureseekerslk\system\Database\BaseConnection.php(647): CodeIgniter\Database\BaseConnection->simpleQuery('INSERT INTO `us...')
#3 C:\xampp\htdocs\futureseekerslk\system\Database\BaseBuilder.php(2277): CodeIgniter\Database\BaseConnection->query('INSERT INTO `us...', Array, false)
#4 C:\xampp\htdocs\futureseekerslk\system\Model.php(259): CodeIgniter\Database\BaseBuilder->insert()
#5 C:\xampp\htdocs\futureseekerslk\system\BaseModel.php(774): CodeIgniter\Model->doInsert(Array)
#6 C:\xampp\htdocs\futureseekerslk\system\Model.php(686): CodeIgniter\BaseModel->insert(Array, true)
#7 C:\xampp\htdocs\futureseekerslk\app\Controllers\Register.php(156): CodeIgniter\Model->insert(Array)
#8 C:\xampp\htdocs\futureseekerslk\system\CodeIgniter.php(928): App\Controllers\Register->createEmployer()
#9 C:\xampp\htdocs\futureseekerslk\system\CodeIgniter.php(436): CodeIgniter\CodeIgniter->runController(Object(App\Controllers\Register))
#10 C:\xampp\htdocs\futureseekerslk\system\CodeIgniter.php(336): CodeIgniter\CodeIgniter->handleRequest(NULL, Object(Config\Cache), false)
#11 C:\xampp\htdocs\futureseekerslk\public\index.php(37): CodeIgniter\CodeIgniter->run()
#12 {main}
CRITICAL - 2021-11-09 10:05:35 --> Invalid file: /Register/index.php
#0 C:\xampp\htdocs\futureseekerslk\system\View\View.php(213): CodeIgniter\Exceptions\FrameworkException::forInvalidFile('/Register/index...')
#1 C:\xampp\htdocs\futureseekerslk\system\Common.php(1271): CodeIgniter\View\View->render('/Register/index', Array, true)
#2 C:\xampp\htdocs\futureseekerslk\app\Controllers\RegisterEmployer.php(68): view('/Register/index', Array)
#3 C:\xampp\htdocs\futureseekerslk\system\CodeIgniter.php(928): App\Controllers\RegisterEmployer->createEmployer()
#4 C:\xampp\htdocs\futureseekerslk\system\CodeIgniter.php(436): CodeIgniter\CodeIgniter->runController(Object(App\Controllers\RegisterEmployer))
#5 C:\xampp\htdocs\futureseekerslk\system\CodeIgniter.php(336): CodeIgniter\CodeIgniter->handleRequest(NULL, Object(Config\Cache), false)
#6 C:\xampp\htdocs\futureseekerslk\public\index.php(37): CodeIgniter\CodeIgniter->run()
#7 {main}
CRITICAL - 2021-11-09 21:05:35 --> Call to undefined function set_value()
#0 C:\xampp\htdocs\futureseekerslk\system\View\View.php(230): include()
#1 C:\xampp\htdocs\futureseekerslk\system\View\View.php(232): CodeIgniter\View\View->CodeIgniter\View\{closure}()
#2 C:\xampp\htdocs\futureseekerslk\system\Common.php(1271): CodeIgniter\View\View->render('Admin/index', Array, true)
#3 C:\xampp\htdocs\futureseekerslk\app\Controllers\Admin.php(7): view('Admin/index')
#4 C:\xampp\htdocs\futureseekerslk\system\CodeIgniter.php(928): App\Controllers\Admin->index()
#5 C:\xampp\htdocs\futureseekerslk\system\CodeIgniter.php(436): CodeIgniter\CodeIgniter->runController(Object(App\Controllers\Admin))
#6 C:\xampp\htdocs\futureseekerslk\system\CodeIgniter.php(336): CodeIgniter\CodeIgniter->handleRequest(NULL, Object(Config\Cache), false)
#7 C:\xampp\htdocs\futureseekerslk\public\index.php(37): CodeIgniter\CodeIgniter->run()
#8 {main}
CRITICAL - 2021-11-09 21:05:58 --> Call to undefined function set_value()
#0 C:\xampp\htdocs\futureseekerslk\system\View\View.php(230): include()
#1 C:\xampp\htdocs\futureseekerslk\system\View\View.php(232): CodeIgniter\View\View->CodeIgniter\View\{closure}()
#2 C:\xampp\htdocs\futureseekerslk\system\Common.php(1271): CodeIgniter\View\View->render('Admin/index', Array, true)
#3 C:\xampp\htdocs\futureseekerslk\app\Controllers\Admin.php(7): view('Admin/index')
#4 C:\xampp\htdocs\futureseekerslk\system\CodeIgniter.php(928): App\Controllers\Admin->index()
#5 C:\xampp\htdocs\futureseekerslk\system\CodeIgniter.php(436): CodeIgniter\CodeIgniter->runController(Object(App\Controllers\Admin))
#6 C:\xampp\htdocs\futureseekerslk\system\CodeIgniter.php(336): CodeIgniter\CodeIgniter->handleRequest(NULL, Object(Config\Cache), false)
#7 C:\xampp\htdocs\futureseekerslk\public\index.php(37): CodeIgniter\CodeIgniter->run()
#8 {main}
