CRITICAL - 2021-11-07 01:59:49 --> You must set the database table to be used with your query.
#0 C:\xampp\htdocs\futureseekers.lk\system\Model.php(602): CodeIgniter\Database\BaseConnection->table(NULL)
#1 C:\xampp\htdocs\futureseekers.lk\system\Model.php(251): CodeIgniter\Model->builder()
#2 C:\xampp\htdocs\futureseekers.lk\system\BaseModel.php(774): CodeIgniter\Model->doInsert(Array)
#3 C:\xampp\htdocs\futureseekers.lk\system\Model.php(686): CodeIgniter\BaseModel->insert(Array, true)
#4 C:\xampp\htdocs\futureseekers.lk\app\Controllers\Register.php(39): CodeIgniter\Model->insert(Array)
#5 C:\xampp\htdocs\futureseekers.lk\system\CodeIgniter.php(928): App\Controllers\Register->createEmployer()
#6 C:\xampp\htdocs\futureseekers.lk\system\CodeIgniter.php(436): CodeIgniter\CodeIgniter->runController(Object(App\Controllers\Register))
#7 C:\xampp\htdocs\futureseekers.lk\system\CodeIgniter.php(336): CodeIgniter\CodeIgniter->handleRequest(NULL, Object(Config\Cache), false)
#8 C:\xampp\htdocs\futureseekers.lk\public\index.php(37): CodeIgniter\CodeIgniter->run()
#9 {main}
CRITICAL - 2021-11-07 01:01:37 --> You must set the database table to be used with your query.
#0 C:\xampp\htdocs\futureseekers.lk\system\Model.php(602): CodeIgniter\Database\BaseConnection->table(NULL)
#1 C:\xampp\htdocs\futureseekers.lk\system\Model.php(251): CodeIgniter\Model->builder()
#2 C:\xampp\htdocs\futureseekers.lk\system\BaseModel.php(774): CodeIgniter\Model->doInsert(Array)
#3 C:\xampp\htdocs\futureseekers.lk\system\Model.php(686): CodeIgniter\BaseModel->insert(Array, true)
#4 C:\xampp\htdocs\futureseekers.lk\app\Controllers\Register.php(39): CodeIgniter\Model->insert(Array)
#5 C:\xampp\htdocs\futureseekers.lk\system\CodeIgniter.php(928): App\Controllers\Register->createEmployer()
#6 C:\xampp\htdocs\futureseekers.lk\system\CodeIgniter.php(436): CodeIgniter\CodeIgniter->runController(Object(App\Controllers\Register))
#7 C:\xampp\htdocs\futureseekers.lk\system\CodeIgniter.php(336): CodeIgniter\CodeIgniter->handleRequest(NULL, Object(Config\Cache), false)
#8 C:\xampp\htdocs\futureseekers.lk\public\index.php(37): CodeIgniter\CodeIgniter->run()
#9 {main}
CRITICAL - 2021-11-07 01:06:04 --> You must set the database table to be used with your query.
#0 C:\xampp\htdocs\futureseekers.lk\system\Model.php(602): CodeIgniter\Database\BaseConnection->table(NULL)
#1 C:\xampp\htdocs\futureseekers.lk\system\Model.php(251): CodeIgniter\Model->builder()
#2 C:\xampp\htdocs\futureseekers.lk\system\BaseModel.php(774): CodeIgniter\Model->doInsert(Array)
#3 C:\xampp\htdocs\futureseekers.lk\system\Model.php(686): CodeIgniter\BaseModel->insert(Array, true)
#4 C:\xampp\htdocs\futureseekers.lk\app\Controllers\Register.php(41): CodeIgniter\Model->insert(Array)
#5 C:\xampp\htdocs\futureseekers.lk\system\CodeIgniter.php(928): App\Controllers\Register->createEmployer()
#6 C:\xampp\htdocs\futureseekers.lk\system\CodeIgniter.php(436): CodeIgniter\CodeIgniter->runController(Object(App\Controllers\Register))
#7 C:\xampp\htdocs\futureseekers.lk\system\CodeIgniter.php(336): CodeIgniter\CodeIgniter->handleRequest(NULL, Object(Config\Cache), false)
#8 C:\xampp\htdocs\futureseekers.lk\public\index.php(37): CodeIgniter\CodeIgniter->run()
#9 {main}
CRITICAL - 2021-11-07 01:10:20 --> You must set the database table to be used with your query.
#0 C:\xampp\htdocs\futureseekers.lk\system\Model.php(602): CodeIgniter\Database\BaseConnection->table(NULL)
#1 C:\xampp\htdocs\futureseekers.lk\system\Model.php(251): CodeIgniter\Model->builder()
#2 C:\xampp\htdocs\futureseekers.lk\system\BaseModel.php(774): CodeIgniter\Model->doInsert(Array)
#3 C:\xampp\htdocs\futureseekers.lk\system\Model.php(686): CodeIgniter\BaseModel->insert(Array, true)
#4 C:\xampp\htdocs\futureseekers.lk\app\Controllers\Register.php(39): CodeIgniter\Model->insert(Array)
#5 C:\xampp\htdocs\futureseekers.lk\system\CodeIgniter.php(928): App\Controllers\Register->createEmployer()
#6 C:\xampp\htdocs\futureseekers.lk\system\CodeIgniter.php(436): CodeIgniter\CodeIgniter->runController(Object(App\Controllers\Register))
#7 C:\xampp\htdocs\futureseekers.lk\system\CodeIgniter.php(336): CodeIgniter\CodeIgniter->handleRequest(NULL, Object(Config\Cache), false)
#8 C:\xampp\htdocs\futureseekers.lk\public\index.php(37): CodeIgniter\CodeIgniter->run()
#9 {main}
CRITICAL - 2021-11-07 01:41:41 --> You must set the database table to be used with your query.
#0 C:\xampp\htdocs\futureseekers.lk\system\Model.php(602): CodeIgniter\Database\BaseConnection->table(NULL)
#1 C:\xampp\htdocs\futureseekers.lk\system\Model.php(251): CodeIgniter\Model->builder()
#2 C:\xampp\htdocs\futureseekers.lk\system\BaseModel.php(774): CodeIgniter\Model->doInsert(Array)
#3 C:\xampp\htdocs\futureseekers.lk\system\Model.php(686): CodeIgniter\BaseModel->insert(Array, true)
#4 C:\xampp\htdocs\futureseekers.lk\app\Controllers\Register.php(39): CodeIgniter\Model->insert(Array)
#5 C:\xampp\htdocs\futureseekers.lk\system\CodeIgniter.php(928): App\Controllers\Register->createEmployer()
#6 C:\xampp\htdocs\futureseekers.lk\system\CodeIgniter.php(436): CodeIgniter\CodeIgniter->runController(Object(App\Controllers\Register))
#7 C:\xampp\htdocs\futureseekers.lk\system\CodeIgniter.php(336): CodeIgniter\CodeIgniter->handleRequest(NULL, Object(Config\Cache), false)
#8 C:\xampp\htdocs\futureseekers.lk\public\index.php(37): CodeIgniter\CodeIgniter->run()
#9 {main}
CRITICAL - 2021-11-07 01:49:34 --> You must set the database table to be used with your query.
#0 C:\xampp\htdocs\futureseekers.lk\system\Model.php(602): CodeIgniter\Database\BaseConnection->table(NULL)
#1 C:\xampp\htdocs\futureseekers.lk\system\Model.php(251): CodeIgniter\Model->builder()
#2 C:\xampp\htdocs\futureseekers.lk\system\BaseModel.php(774): CodeIgniter\Model->doInsert(Array)
#3 C:\xampp\htdocs\futureseekers.lk\system\Model.php(686): CodeIgniter\BaseModel->insert(Array, true)
#4 C:\xampp\htdocs\futureseekers.lk\app\Controllers\Register.php(39): CodeIgniter\Model->insert(Array)
#5 C:\xampp\htdocs\futureseekers.lk\system\CodeIgniter.php(928): App\Controllers\Register->createEmployer()
#6 C:\xampp\htdocs\futureseekers.lk\system\CodeIgniter.php(436): CodeIgniter\CodeIgniter->runController(Object(App\Controllers\Register))
#7 C:\xampp\htdocs\futureseekers.lk\system\CodeIgniter.php(336): CodeIgniter\CodeIgniter->handleRequest(NULL, Object(Config\Cache), false)
#8 C:\xampp\htdocs\futureseekers.lk\public\index.php(37): CodeIgniter\CodeIgniter->run()
#9 {main}
ERROR - 2021-11-07 02:12:04 --> Cannot add or update a child row: a foreign key constraint fails (`futureseekerslk`.`employer`, CONSTRAINT `EmployerToCompany` FOREIGN KEY (`company_id`) REFERENCES `company` (`id`) ON DELETE CASCADE ON UPDATE CASCADE)
CRITICAL - 2021-11-07 02:12:04 --> Cannot add or update a child row: a foreign key constraint fails (`futureseekerslk`.`employer`, CONSTRAINT `EmployerToCompany` FOREIGN KEY (`company_id`) REFERENCES `company` (`id`) ON DELETE CASCADE ON UPDATE CASCADE)
#0 C:\xampp\htdocs\futureseekers.lk\system\Database\MySQLi\Connection.php(329): mysqli->query('INSERT INTO `em...')
#1 C:\xampp\htdocs\futureseekers.lk\system\Database\BaseConnection.php(732): CodeIgniter\Database\MySQLi\Connection->execute('INSERT INTO `em...')
#2 C:\xampp\htdocs\futureseekers.lk\system\Database\BaseConnection.php(647): CodeIgniter\Database\BaseConnection->simpleQuery('INSERT INTO `em...')
#3 C:\xampp\htdocs\futureseekers.lk\system\Database\BaseBuilder.php(2277): CodeIgniter\Database\BaseConnection->query('INSERT INTO `em...', Array, false)
#4 C:\xampp\htdocs\futureseekers.lk\system\Model.php(259): CodeIgniter\Database\BaseBuilder->insert()
#5 C:\xampp\htdocs\futureseekers.lk\system\BaseModel.php(774): CodeIgniter\Model->doInsert(Array)
#6 C:\xampp\htdocs\futureseekers.lk\system\Model.php(686): CodeIgniter\BaseModel->insert(Array, true)
#7 C:\xampp\htdocs\futureseekers.lk\app\Controllers\Register.php(39): CodeIgniter\Model->insert(Array)
#8 C:\xampp\htdocs\futureseekers.lk\system\CodeIgniter.php(928): App\Controllers\Register->createEmployer()
#9 C:\xampp\htdocs\futureseekers.lk\system\CodeIgniter.php(436): CodeIgniter\CodeIgniter->runController(Object(App\Controllers\Register))
#10 C:\xampp\htdocs\futureseekers.lk\system\CodeIgniter.php(336): CodeIgniter\CodeIgniter->handleRequest(NULL, Object(Config\Cache), false)
#11 C:\xampp\htdocs\futureseekers.lk\public\index.php(37): CodeIgniter\CodeIgniter->run()
#12 {main}
ERROR - 2021-11-07 02:13:49 --> Cannot add or update a child row: a foreign key constraint fails (`futureseekerslk`.`employer`, CONSTRAINT `EmployerToCompany` FOREIGN KEY (`company_id`) REFERENCES `company` (`id`) ON DELETE NO ACTION ON UPDATE NO ACTION)
CRITICAL - 2021-11-07 02:13:49 --> Cannot add or update a child row: a foreign key constraint fails (`futureseekerslk`.`employer`, CONSTRAINT `EmployerToCompany` FOREIGN KEY (`company_id`) REFERENCES `company` (`id`) ON DELETE NO ACTION ON UPDATE NO ACTION)
#0 C:\xampp\htdocs\futureseekers.lk\system\Database\MySQLi\Connection.php(329): mysqli->query('INSERT INTO `em...')
#1 C:\xampp\htdocs\futureseekers.lk\system\Database\BaseConnection.php(732): CodeIgniter\Database\MySQLi\Connection->execute('INSERT INTO `em...')
#2 C:\xampp\htdocs\futureseekers.lk\system\Database\BaseConnection.php(647): CodeIgniter\Database\BaseConnection->simpleQuery('INSERT INTO `em...')
#3 C:\xampp\htdocs\futureseekers.lk\system\Database\BaseBuilder.php(2277): CodeIgniter\Database\BaseConnection->query('INSERT INTO `em...', Array, false)
#4 C:\xampp\htdocs\futureseekers.lk\system\Model.php(259): CodeIgniter\Database\BaseBuilder->insert()
#5 C:\xampp\htdocs\futureseekers.lk\system\BaseModel.php(774): CodeIgniter\Model->doInsert(Array)
#6 C:\xampp\htdocs\futureseekers.lk\system\Model.php(686): CodeIgniter\BaseModel->insert(Array, true)
#7 C:\xampp\htdocs\futureseekers.lk\app\Controllers\Register.php(39): CodeIgniter\Model->insert(Array)
#8 C:\xampp\htdocs\futureseekers.lk\system\CodeIgniter.php(928): App\Controllers\Register->createEmployer()
#9 C:\xampp\htdocs\futureseekers.lk\system\CodeIgniter.php(436): CodeIgniter\CodeIgniter->runController(Object(App\Controllers\Register))
#10 C:\xampp\htdocs\futureseekers.lk\system\CodeIgniter.php(336): CodeIgniter\CodeIgniter->handleRequest(NULL, Object(Config\Cache), false)
#11 C:\xampp\htdocs\futureseekers.lk\public\index.php(37): CodeIgniter\CodeIgniter->run()
#12 {main}
ERROR - 2021-11-07 02:25:29 --> Cannot add or update a child row: a foreign key constraint fails (`futureseekerslk`.`employer`, CONSTRAINT `EmployerToCompany` FOREIGN KEY (`company_id`) REFERENCES `company` (`id`) ON DELETE NO ACTION ON UPDATE NO ACTION)
CRITICAL - 2021-11-07 02:25:29 --> Cannot add or update a child row: a foreign key constraint fails (`futureseekerslk`.`employer`, CONSTRAINT `EmployerToCompany` FOREIGN KEY (`company_id`) REFERENCES `company` (`id`) ON DELETE NO ACTION ON UPDATE NO ACTION)
#0 C:\xampp\htdocs\futureseekers.lk\system\Database\MySQLi\Connection.php(329): mysqli->query('INSERT INTO `em...')
#1 C:\xampp\htdocs\futureseekers.lk\system\Database\BaseConnection.php(732): CodeIgniter\Database\MySQLi\Connection->execute('INSERT INTO `em...')
#2 C:\xampp\htdocs\futureseekers.lk\system\Database\BaseConnection.php(647): CodeIgniter\Database\BaseConnection->simpleQuery('INSERT INTO `em...')
#3 C:\xampp\htdocs\futureseekers.lk\system\Database\BaseBuilder.php(2277): CodeIgniter\Database\BaseConnection->query('INSERT INTO `em...', Array, false)
#4 C:\xampp\htdocs\futureseekers.lk\system\Model.php(259): CodeIgniter\Database\BaseBuilder->insert()
#5 C:\xampp\htdocs\futureseekers.lk\system\BaseModel.php(774): CodeIgniter\Model->doInsert(Array)
#6 C:\xampp\htdocs\futureseekers.lk\system\Model.php(686): CodeIgniter\BaseModel->insert(Array, true)
#7 C:\xampp\htdocs\futureseekers.lk\app\Controllers\Register.php(39): CodeIgniter\Model->insert(Array)
#8 C:\xampp\htdocs\futureseekers.lk\system\CodeIgniter.php(928): App\Controllers\Register->createEmployer()
#9 C:\xampp\htdocs\futureseekers.lk\system\CodeIgniter.php(436): CodeIgniter\CodeIgniter->runController(Object(App\Controllers\Register))
#10 C:\xampp\htdocs\futureseekers.lk\system\CodeIgniter.php(336): CodeIgniter\CodeIgniter->handleRequest(NULL, Object(Config\Cache), false)
#11 C:\xampp\htdocs\futureseekers.lk\public\index.php(37): CodeIgniter\CodeIgniter->run()
#12 {main}
ERROR - 2021-11-07 02:27:04 --> Cannot add or update a child row: a foreign key constraint fails (`futureseekerslk`.`employer`, CONSTRAINT `EmployerToCompany` FOREIGN KEY (`company_id`) REFERENCES `company` (`id`) ON DELETE NO ACTION ON UPDATE NO ACTION)
CRITICAL - 2021-11-07 02:27:04 --> Cannot add or update a child row: a foreign key constraint fails (`futureseekerslk`.`employer`, CONSTRAINT `EmployerToCompany` FOREIGN KEY (`company_id`) REFERENCES `company` (`id`) ON DELETE NO ACTION ON UPDATE NO ACTION)
#0 C:\xampp\htdocs\futureseekers.lk\system\Database\MySQLi\Connection.php(329): mysqli->query('INSERT INTO `em...')
#1 C:\xampp\htdocs\futureseekers.lk\system\Database\BaseConnection.php(732): CodeIgniter\Database\MySQLi\Connection->execute('INSERT INTO `em...')
#2 C:\xampp\htdocs\futureseekers.lk\system\Database\BaseConnection.php(647): CodeIgniter\Database\BaseConnection->simpleQuery('INSERT INTO `em...')
#3 C:\xampp\htdocs\futureseekers.lk\system\Database\BaseBuilder.php(2277): CodeIgniter\Database\BaseConnection->query('INSERT INTO `em...', Array, false)
#4 C:\xampp\htdocs\futureseekers.lk\system\Model.php(259): CodeIgniter\Database\BaseBuilder->insert()
#5 C:\xampp\htdocs\futureseekers.lk\system\BaseModel.php(774): CodeIgniter\Model->doInsert(Array)
#6 C:\xampp\htdocs\futureseekers.lk\system\Model.php(686): CodeIgniter\BaseModel->insert(Array, true)
#7 C:\xampp\htdocs\futureseekers.lk\app\Controllers\Register.php(39): CodeIgniter\Model->insert(Array)
#8 C:\xampp\htdocs\futureseekers.lk\system\CodeIgniter.php(928): App\Controllers\Register->createEmployer()
#9 C:\xampp\htdocs\futureseekers.lk\system\CodeIgniter.php(436): CodeIgniter\CodeIgniter->runController(Object(App\Controllers\Register))
#10 C:\xampp\htdocs\futureseekers.lk\system\CodeIgniter.php(336): CodeIgniter\CodeIgniter->handleRequest(NULL, Object(Config\Cache), false)
#11 C:\xampp\htdocs\futureseekers.lk\public\index.php(37): CodeIgniter\CodeIgniter->run()
#12 {main}
ERROR - 2021-11-07 02:36:15 --> Cannot add or update a child row: a foreign key constraint fails (`futureseekerslk`.`employer`, CONSTRAINT `EmployerToCompany` FOREIGN KEY (`company_id`) REFERENCES `company` (`id`) ON DELETE CASCADE ON UPDATE CASCADE)
CRITICAL - 2021-11-07 02:36:15 --> Cannot add or update a child row: a foreign key constraint fails (`futureseekerslk`.`employer`, CONSTRAINT `EmployerToCompany` FOREIGN KEY (`company_id`) REFERENCES `company` (`id`) ON DELETE CASCADE ON UPDATE CASCADE)
#0 C:\xampp\htdocs\futureseekers.lk\system\Database\MySQLi\Connection.php(329): mysqli->query('INSERT INTO `em...')
#1 C:\xampp\htdocs\futureseekers.lk\system\Database\BaseConnection.php(732): CodeIgniter\Database\MySQLi\Connection->execute('INSERT INTO `em...')
#2 C:\xampp\htdocs\futureseekers.lk\system\Database\BaseConnection.php(647): CodeIgniter\Database\BaseConnection->simpleQuery('INSERT INTO `em...')
#3 C:\xampp\htdocs\futureseekers.lk\system\Database\BaseBuilder.php(2277): CodeIgniter\Database\BaseConnection->query('INSERT INTO `em...', Array, false)
#4 C:\xampp\htdocs\futureseekers.lk\system\Model.php(259): CodeIgniter\Database\BaseBuilder->insert()
#5 C:\xampp\htdocs\futureseekers.lk\system\BaseModel.php(774): CodeIgniter\Model->doInsert(Array)
#6 C:\xampp\htdocs\futureseekers.lk\system\Model.php(686): CodeIgniter\BaseModel->insert(Array, true)
#7 C:\xampp\htdocs\futureseekers.lk\app\Controllers\Register.php(41): CodeIgniter\Model->insert(Array)
#8 C:\xampp\htdocs\futureseekers.lk\system\CodeIgniter.php(928): App\Controllers\Register->createEmployer()
#9 C:\xampp\htdocs\futureseekers.lk\system\CodeIgniter.php(436): CodeIgniter\CodeIgniter->runController(Object(App\Controllers\Register))
#10 C:\xampp\htdocs\futureseekers.lk\system\CodeIgniter.php(336): CodeIgniter\CodeIgniter->handleRequest(NULL, Object(Config\Cache), false)
#11 C:\xampp\htdocs\futureseekers.lk\public\index.php(37): CodeIgniter\CodeIgniter->run()
#12 {main}
ERROR - 2021-11-07 02:42:26 --> Cannot add or update a child row: a foreign key constraint fails (`futureseekerslk`.`employer`, CONSTRAINT `EmployerToCompany` FOREIGN KEY (`company_id`) REFERENCES `company` (`id`) ON DELETE CASCADE ON UPDATE CASCADE)
CRITICAL - 2021-11-07 02:42:26 --> Cannot add or update a child row: a foreign key constraint fails (`futureseekerslk`.`employer`, CONSTRAINT `EmployerToCompany` FOREIGN KEY (`company_id`) REFERENCES `company` (`id`) ON DELETE CASCADE ON UPDATE CASCADE)
#0 C:\xampp\htdocs\futureseekers.lk\system\Database\MySQLi\Connection.php(329): mysqli->query('INSERT INTO `em...')
#1 C:\xampp\htdocs\futureseekers.lk\system\Database\BaseConnection.php(732): CodeIgniter\Database\MySQLi\Connection->execute('INSERT INTO `em...')
#2 C:\xampp\htdocs\futureseekers.lk\system\Database\BaseConnection.php(647): CodeIgniter\Database\BaseConnection->simpleQuery('INSERT INTO `em...')
#3 C:\xampp\htdocs\futureseekers.lk\system\Database\BaseBuilder.php(2277): CodeIgniter\Database\BaseConnection->query('INSERT INTO `em...', Array, false)
#4 C:\xampp\htdocs\futureseekers.lk\system\Model.php(259): CodeIgniter\Database\BaseBuilder->insert()
#5 C:\xampp\htdocs\futureseekers.lk\system\BaseModel.php(774): CodeIgniter\Model->doInsert(Array)
#6 C:\xampp\htdocs\futureseekers.lk\system\Model.php(686): CodeIgniter\BaseModel->insert(Array, true)
#7 C:\xampp\htdocs\futureseekers.lk\app\Controllers\Register.php(41): CodeIgniter\Model->insert(Array)
#8 C:\xampp\htdocs\futureseekers.lk\system\CodeIgniter.php(928): App\Controllers\Register->createEmployer()
#9 C:\xampp\htdocs\futureseekers.lk\system\CodeIgniter.php(436): CodeIgniter\CodeIgniter->runController(Object(App\Controllers\Register))
#10 C:\xampp\htdocs\futureseekers.lk\system\CodeIgniter.php(336): CodeIgniter\CodeIgniter->handleRequest(NULL, Object(Config\Cache), false)
#11 C:\xampp\htdocs\futureseekers.lk\public\index.php(37): CodeIgniter\CodeIgniter->run()
#12 {main}
CRITICAL - 2021-11-07 03:01:48 --> You must set the database table to be used with your query.
#0 C:\xampp\htdocs\futureseekers.lk\system\Model.php(602): CodeIgniter\Database\BaseConnection->table(NULL)
#1 C:\xampp\htdocs\futureseekers.lk\system\Model.php(251): CodeIgniter\Model->builder()
#2 C:\xampp\htdocs\futureseekers.lk\system\BaseModel.php(774): CodeIgniter\Model->doInsert(Array)
#3 C:\xampp\htdocs\futureseekers.lk\system\Model.php(686): CodeIgniter\BaseModel->insert(Array, true)
#4 C:\xampp\htdocs\futureseekers.lk\app\Controllers\Register.php(50): CodeIgniter\Model->insert(Array)
#5 C:\xampp\htdocs\futureseekers.lk\system\CodeIgniter.php(928): App\Controllers\Register->createEmployer()
#6 C:\xampp\htdocs\futureseekers.lk\system\CodeIgniter.php(436): CodeIgniter\CodeIgniter->runController(Object(App\Controllers\Register))
#7 C:\xampp\htdocs\futureseekers.lk\system\CodeIgniter.php(336): CodeIgniter\CodeIgniter->handleRequest(NULL, Object(Config\Cache), false)
#8 C:\xampp\htdocs\futureseekers.lk\public\index.php(37): CodeIgniter\CodeIgniter->run()
#9 {main}
CRITICAL - 2021-11-07 03:05:02 --> Trying to access array offset on value of type int
#0 C:\xampp\htdocs\futureseekers.lk\app\Controllers\Register.php(55): CodeIgniter\Debug\Exceptions->errorHandler(2, 'Trying to acces...', 'C:\\xampp\\htdocs...', 55)
#1 C:\xampp\htdocs\futureseekers.lk\system\CodeIgniter.php(928): App\Controllers\Register->createEmployer()
#2 C:\xampp\htdocs\futureseekers.lk\system\CodeIgniter.php(436): CodeIgniter\CodeIgniter->runController(Object(App\Controllers\Register))
#3 C:\xampp\htdocs\futureseekers.lk\system\CodeIgniter.php(336): CodeIgniter\CodeIgniter->handleRequest(NULL, Object(Config\Cache), false)
#4 C:\xampp\htdocs\futureseekers.lk\public\index.php(37): CodeIgniter\CodeIgniter->run()
#5 {main}
ERROR - 2021-11-07 03:08:18 --> Cannot add or update a child row: a foreign key constraint fails (`futureseekerslk`.`employer`, CONSTRAINT `EmployerToUserAccount` FOREIGN KEY (`user_account_id`) REFERENCES `user_account` (`id`) ON DELETE CASCADE ON UPDATE CASCADE)
CRITICAL - 2021-11-07 03:08:18 --> Cannot add or update a child row: a foreign key constraint fails (`futureseekerslk`.`employer`, CONSTRAINT `EmployerToUserAccount` FOREIGN KEY (`user_account_id`) REFERENCES `user_account` (`id`) ON DELETE CASCADE ON UPDATE CASCADE)
#0 C:\xampp\htdocs\futureseekers.lk\system\Database\MySQLi\Connection.php(329): mysqli->query('INSERT INTO `em...')
#1 C:\xampp\htdocs\futureseekers.lk\system\Database\BaseConnection.php(732): CodeIgniter\Database\MySQLi\Connection->execute('INSERT INTO `em...')
#2 C:\xampp\htdocs\futureseekers.lk\system\Database\BaseConnection.php(647): CodeIgniter\Database\BaseConnection->simpleQuery('INSERT INTO `em...')
#3 C:\xampp\htdocs\futureseekers.lk\system\Database\BaseBuilder.php(2277): CodeIgniter\Database\BaseConnection->query('INSERT INTO `em...', Array, false)
#4 C:\xampp\htdocs\futureseekers.lk\system\Model.php(259): CodeIgniter\Database\BaseBuilder->insert()
#5 C:\xampp\htdocs\futureseekers.lk\system\BaseModel.php(774): CodeIgniter\Model->doInsert(Array)
#6 C:\xampp\htdocs\futureseekers.lk\system\Model.php(686): CodeIgniter\BaseModel->insert(Array, true)
#7 C:\xampp\htdocs\futureseekers.lk\app\Controllers\Register.php(41): CodeIgniter\Model->insert(Array)
#8 C:\xampp\htdocs\futureseekers.lk\system\CodeIgniter.php(928): App\Controllers\Register->createEmployer()
#9 C:\xampp\htdocs\futureseekers.lk\system\CodeIgniter.php(436): CodeIgniter\CodeIgniter->runController(Object(App\Controllers\Register))
#10 C:\xampp\htdocs\futureseekers.lk\system\CodeIgniter.php(336): CodeIgniter\CodeIgniter->handleRequest(NULL, Object(Config\Cache), false)
#11 C:\xampp\htdocs\futureseekers.lk\public\index.php(37): CodeIgniter\CodeIgniter->run()
#12 {main}
ERROR - 2021-11-07 10:16:03 --> Column 'currentJobTitle' cannot be null
CRITICAL - 2021-11-07 10:16:03 --> Column 'currentJobTitle' cannot be null
#0 C:\xampp\htdocs\futureseekers.lk\system\Database\MySQLi\Connection.php(329): mysqli->query('INSERT INTO `jo...')
#1 C:\xampp\htdocs\futureseekers.lk\system\Database\BaseConnection.php(732): CodeIgniter\Database\MySQLi\Connection->execute('INSERT INTO `jo...')
#2 C:\xampp\htdocs\futureseekers.lk\system\Database\BaseConnection.php(647): CodeIgniter\Database\BaseConnection->simpleQuery('INSERT INTO `jo...')
#3 C:\xampp\htdocs\futureseekers.lk\system\Database\BaseBuilder.php(2277): CodeIgniter\Database\BaseConnection->query('INSERT INTO `jo...', Array, false)
#4 C:\xampp\htdocs\futureseekers.lk\system\Model.php(259): CodeIgniter\Database\BaseBuilder->insert()
#5 C:\xampp\htdocs\futureseekers.lk\system\BaseModel.php(774): CodeIgniter\Model->doInsert(Array)
#6 C:\xampp\htdocs\futureseekers.lk\system\Model.php(686): CodeIgniter\BaseModel->insert(Array, true)
#7 C:\xampp\htdocs\futureseekers.lk\app\Controllers\Register.php(111): CodeIgniter\Model->insert(Array)
#8 C:\xampp\htdocs\futureseekers.lk\system\CodeIgniter.php(928): App\Controllers\Register->createJobSeeker()
#9 C:\xampp\htdocs\futureseekers.lk\system\CodeIgniter.php(436): CodeIgniter\CodeIgniter->runController(Object(App\Controllers\Register))
#10 C:\xampp\htdocs\futureseekers.lk\system\CodeIgniter.php(336): CodeIgniter\CodeIgniter->handleRequest(NULL, Object(Config\Cache), false)
#11 C:\xampp\htdocs\futureseekers.lk\public\index.php(37): CodeIgniter\CodeIgniter->run()
#12 {main}
