CRITICAL - 2021-12-01 06:18:26 --> Too few arguments to function App\Controllers\ApplyForJob::index(), 0 passed in C:\xampp\htdocs\futureseekerslk\system\CodeIgniter.php on line 928 and exactly 1 expected
#0 C:\xampp\htdocs\futureseekerslk\system\CodeIgniter.php(928): App\Controllers\ApplyForJob->index()
#1 C:\xampp\htdocs\futureseekerslk\system\CodeIgniter.php(436): CodeIgniter\CodeIgniter->runController(Object(App\Controllers\ApplyForJob))
#2 C:\xampp\htdocs\futureseekerslk\system\CodeIgniter.php(336): CodeIgniter\CodeIgniter->handleRequest(NULL, Object(Config\Cache), false)
#3 C:\xampp\htdocs\futureseekerslk\public\index.php(37): CodeIgniter\CodeIgniter->run()
#4 {main}
CRITICAL - 2021-12-01 06:19:08 --> Too few arguments to function App\Controllers\ApplyForJob::index(), 0 passed in C:\xampp\htdocs\futureseekerslk\system\CodeIgniter.php on line 928 and exactly 1 expected
#0 C:\xampp\htdocs\futureseekerslk\system\CodeIgniter.php(928): App\Controllers\ApplyForJob->index()
#1 C:\xampp\htdocs\futureseekerslk\system\CodeIgniter.php(436): CodeIgniter\CodeIgniter->runController(Object(App\Controllers\ApplyForJob))
#2 C:\xampp\htdocs\futureseekerslk\system\CodeIgniter.php(336): CodeIgniter\CodeIgniter->handleRequest(NULL, Object(Config\Cache), false)
#3 C:\xampp\htdocs\futureseekerslk\public\index.php(37): CodeIgniter\CodeIgniter->run()
#4 {main}
CRITICAL - 2021-12-01 06:23:21 --> Undefined variable $jobid
#0 C:\xampp\htdocs\futureseekerslk\app\Views\ApplicantHome\index.php(206): CodeIgniter\Debug\Exceptions->errorHandler(2, 'Undefined varia...', 'C:\\xampp\\htdocs...', 206)
#1 C:\xampp\htdocs\futureseekerslk\system\View\View.php(230): include('C:\\xampp\\htdocs...')
#2 C:\xampp\htdocs\futureseekerslk\system\View\View.php(232): CodeIgniter\View\View->CodeIgniter\View\{closure}()
#3 C:\xampp\htdocs\futureseekerslk\system\Common.php(1271): CodeIgniter\View\View->render('ApplicantHome/i...', Array, true)
#4 C:\xampp\htdocs\futureseekerslk\app\Controllers\ApplicantHome.php(26): view('ApplicantHome/i...')
#5 C:\xampp\htdocs\futureseekerslk\system\CodeIgniter.php(928): App\Controllers\ApplicantHome->index()
#6 C:\xampp\htdocs\futureseekerslk\system\CodeIgniter.php(436): CodeIgniter\CodeIgniter->runController(Object(App\Controllers\ApplicantHome))
#7 C:\xampp\htdocs\futureseekerslk\system\CodeIgniter.php(336): CodeIgniter\CodeIgniter->handleRequest(NULL, Object(Config\Cache), false)
#8 C:\xampp\htdocs\futureseekerslk\public\index.php(37): CodeIgniter\CodeIgniter->run()
#9 {main}
CRITICAL - 2021-12-01 06:23:24 --> Undefined variable $jobid
#0 C:\xampp\htdocs\futureseekerslk\app\Views\ApplicantHome\index.php(206): CodeIgniter\Debug\Exceptions->errorHandler(2, 'Undefined varia...', 'C:\\xampp\\htdocs...', 206)
#1 C:\xampp\htdocs\futureseekerslk\system\View\View.php(230): include('C:\\xampp\\htdocs...')
#2 C:\xampp\htdocs\futureseekerslk\system\View\View.php(232): CodeIgniter\View\View->CodeIgniter\View\{closure}()
#3 C:\xampp\htdocs\futureseekerslk\system\Common.php(1271): CodeIgniter\View\View->render('ApplicantHome/i...', Array, true)
#4 C:\xampp\htdocs\futureseekerslk\app\Controllers\ApplicantHome.php(26): view('ApplicantHome/i...')
#5 C:\xampp\htdocs\futureseekerslk\system\CodeIgniter.php(928): App\Controllers\ApplicantHome->index()
#6 C:\xampp\htdocs\futureseekerslk\system\CodeIgniter.php(436): CodeIgniter\CodeIgniter->runController(Object(App\Controllers\ApplicantHome))
#7 C:\xampp\htdocs\futureseekerslk\system\CodeIgniter.php(336): CodeIgniter\CodeIgniter->handleRequest(NULL, Object(Config\Cache), false)
#8 C:\xampp\htdocs\futureseekerslk\public\index.php(37): CodeIgniter\CodeIgniter->run()
#9 {main}
CRITICAL - 2021-12-01 06:23:25 --> Undefined variable $jobid
#0 C:\xampp\htdocs\futureseekerslk\app\Views\ApplicantHome\index.php(206): CodeIgniter\Debug\Exceptions->errorHandler(2, 'Undefined varia...', 'C:\\xampp\\htdocs...', 206)
#1 C:\xampp\htdocs\futureseekerslk\system\View\View.php(230): include('C:\\xampp\\htdocs...')
#2 C:\xampp\htdocs\futureseekerslk\system\View\View.php(232): CodeIgniter\View\View->CodeIgniter\View\{closure}()
#3 C:\xampp\htdocs\futureseekerslk\system\Common.php(1271): CodeIgniter\View\View->render('ApplicantHome/i...', Array, true)
#4 C:\xampp\htdocs\futureseekerslk\app\Controllers\ApplicantHome.php(26): view('ApplicantHome/i...')
#5 C:\xampp\htdocs\futureseekerslk\system\CodeIgniter.php(928): App\Controllers\ApplicantHome->index()
#6 C:\xampp\htdocs\futureseekerslk\system\CodeIgniter.php(436): CodeIgniter\CodeIgniter->runController(Object(App\Controllers\ApplicantHome))
#7 C:\xampp\htdocs\futureseekerslk\system\CodeIgniter.php(336): CodeIgniter\CodeIgniter->handleRequest(NULL, Object(Config\Cache), false)
#8 C:\xampp\htdocs\futureseekerslk\public\index.php(37): CodeIgniter\CodeIgniter->run()
#9 {main}
CRITICAL - 2021-12-01 06:23:26 --> Undefined variable $jobid
#0 C:\xampp\htdocs\futureseekerslk\app\Views\ApplicantHome\index.php(206): CodeIgniter\Debug\Exceptions->errorHandler(2, 'Undefined varia...', 'C:\\xampp\\htdocs...', 206)
#1 C:\xampp\htdocs\futureseekerslk\system\View\View.php(230): include('C:\\xampp\\htdocs...')
#2 C:\xampp\htdocs\futureseekerslk\system\View\View.php(232): CodeIgniter\View\View->CodeIgniter\View\{closure}()
#3 C:\xampp\htdocs\futureseekerslk\system\Common.php(1271): CodeIgniter\View\View->render('ApplicantHome/i...', Array, true)
#4 C:\xampp\htdocs\futureseekerslk\app\Controllers\ApplicantHome.php(26): view('ApplicantHome/i...')
#5 C:\xampp\htdocs\futureseekerslk\system\CodeIgniter.php(928): App\Controllers\ApplicantHome->index()
#6 C:\xampp\htdocs\futureseekerslk\system\CodeIgniter.php(436): CodeIgniter\CodeIgniter->runController(Object(App\Controllers\ApplicantHome))
#7 C:\xampp\htdocs\futureseekerslk\system\CodeIgniter.php(336): CodeIgniter\CodeIgniter->handleRequest(NULL, Object(Config\Cache), false)
#8 C:\xampp\htdocs\futureseekerslk\public\index.php(37): CodeIgniter\CodeIgniter->run()
#9 {main}
CRITICAL - 2021-12-01 06:23:31 --> Undefined variable $jobid
#0 C:\xampp\htdocs\futureseekerslk\app\Views\ApplicantHome\index.php(206): CodeIgniter\Debug\Exceptions->errorHandler(2, 'Undefined varia...', 'C:\\xampp\\htdocs...', 206)
#1 C:\xampp\htdocs\futureseekerslk\system\View\View.php(230): include('C:\\xampp\\htdocs...')
#2 C:\xampp\htdocs\futureseekerslk\system\View\View.php(232): CodeIgniter\View\View->CodeIgniter\View\{closure}()
#3 C:\xampp\htdocs\futureseekerslk\system\Common.php(1271): CodeIgniter\View\View->render('ApplicantHome/i...', Array, true)
#4 C:\xampp\htdocs\futureseekerslk\app\Controllers\ApplicantHome.php(26): view('ApplicantHome/i...')
#5 C:\xampp\htdocs\futureseekerslk\system\CodeIgniter.php(928): App\Controllers\ApplicantHome->index()
#6 C:\xampp\htdocs\futureseekerslk\system\CodeIgniter.php(436): CodeIgniter\CodeIgniter->runController(Object(App\Controllers\ApplicantHome))
#7 C:\xampp\htdocs\futureseekerslk\system\CodeIgniter.php(336): CodeIgniter\CodeIgniter->handleRequest(NULL, Object(Config\Cache), false)
#8 C:\xampp\htdocs\futureseekerslk\public\index.php(37): CodeIgniter\CodeIgniter->run()
#9 {main}
CRITICAL - 2021-12-01 06:41:18 --> Undefined variable $jobId
#0 C:\xampp\htdocs\futureseekerslk\app\Views\ApplicantHome\index.php(205): CodeIgniter\Debug\Exceptions->errorHandler(2, 'Undefined varia...', 'C:\\xampp\\htdocs...', 205)
#1 C:\xampp\htdocs\futureseekerslk\system\View\View.php(230): include('C:\\xampp\\htdocs...')
#2 C:\xampp\htdocs\futureseekerslk\system\View\View.php(232): CodeIgniter\View\View->CodeIgniter\View\{closure}()
#3 C:\xampp\htdocs\futureseekerslk\system\Common.php(1271): CodeIgniter\View\View->render('ApplicantHome/i...', Array, true)
#4 C:\xampp\htdocs\futureseekerslk\app\Controllers\ApplicantHome.php(26): view('ApplicantHome/i...')
#5 C:\xampp\htdocs\futureseekerslk\system\CodeIgniter.php(928): App\Controllers\ApplicantHome->index()
#6 C:\xampp\htdocs\futureseekerslk\system\CodeIgniter.php(436): CodeIgniter\CodeIgniter->runController(Object(App\Controllers\ApplicantHome))
#7 C:\xampp\htdocs\futureseekerslk\system\CodeIgniter.php(336): CodeIgniter\CodeIgniter->handleRequest(NULL, Object(Config\Cache), false)
#8 C:\xampp\htdocs\futureseekerslk\public\index.php(37): CodeIgniter\CodeIgniter->run()
#9 {main}
CRITICAL - 2021-12-01 06:41:22 --> Undefined variable $jobId
#0 C:\xampp\htdocs\futureseekerslk\app\Views\ApplicantHome\index.php(205): CodeIgniter\Debug\Exceptions->errorHandler(2, 'Undefined varia...', 'C:\\xampp\\htdocs...', 205)
#1 C:\xampp\htdocs\futureseekerslk\system\View\View.php(230): include('C:\\xampp\\htdocs...')
#2 C:\xampp\htdocs\futureseekerslk\system\View\View.php(232): CodeIgniter\View\View->CodeIgniter\View\{closure}()
#3 C:\xampp\htdocs\futureseekerslk\system\Common.php(1271): CodeIgniter\View\View->render('ApplicantHome/i...', Array, true)
#4 C:\xampp\htdocs\futureseekerslk\app\Controllers\ApplicantHome.php(26): view('ApplicantHome/i...')
#5 C:\xampp\htdocs\futureseekerslk\system\CodeIgniter.php(928): App\Controllers\ApplicantHome->index()
#6 C:\xampp\htdocs\futureseekerslk\system\CodeIgniter.php(436): CodeIgniter\CodeIgniter->runController(Object(App\Controllers\ApplicantHome))
#7 C:\xampp\htdocs\futureseekerslk\system\CodeIgniter.php(336): CodeIgniter\CodeIgniter->handleRequest(NULL, Object(Config\Cache), false)
#8 C:\xampp\htdocs\futureseekerslk\public\index.php(37): CodeIgniter\CodeIgniter->run()
#9 {main}
CRITICAL - 2021-12-01 06:41:28 --> Undefined variable $jobId
#0 C:\xampp\htdocs\futureseekerslk\app\Views\ApplicantHome\index.php(205): CodeIgniter\Debug\Exceptions->errorHandler(2, 'Undefined varia...', 'C:\\xampp\\htdocs...', 205)
#1 C:\xampp\htdocs\futureseekerslk\system\View\View.php(230): include('C:\\xampp\\htdocs...')
#2 C:\xampp\htdocs\futureseekerslk\system\View\View.php(232): CodeIgniter\View\View->CodeIgniter\View\{closure}()
#3 C:\xampp\htdocs\futureseekerslk\system\Common.php(1271): CodeIgniter\View\View->render('ApplicantHome/i...', Array, true)
#4 C:\xampp\htdocs\futureseekerslk\app\Controllers\ApplicantHome.php(26): view('ApplicantHome/i...')
#5 C:\xampp\htdocs\futureseekerslk\system\CodeIgniter.php(928): App\Controllers\ApplicantHome->index()
#6 C:\xampp\htdocs\futureseekerslk\system\CodeIgniter.php(436): CodeIgniter\CodeIgniter->runController(Object(App\Controllers\ApplicantHome))
#7 C:\xampp\htdocs\futureseekerslk\system\CodeIgniter.php(336): CodeIgniter\CodeIgniter->handleRequest(NULL, Object(Config\Cache), false)
#8 C:\xampp\htdocs\futureseekerslk\public\index.php(37): CodeIgniter\CodeIgniter->run()
#9 {main}
CRITICAL - 2021-12-01 06:41:42 --> Undefined variable $jobId
#0 C:\xampp\htdocs\futureseekerslk\app\Views\ApplicantHome\index.php(206): CodeIgniter\Debug\Exceptions->errorHandler(2, 'Undefined varia...', 'C:\\xampp\\htdocs...', 206)
#1 C:\xampp\htdocs\futureseekerslk\system\View\View.php(230): include('C:\\xampp\\htdocs...')
#2 C:\xampp\htdocs\futureseekerslk\system\View\View.php(232): CodeIgniter\View\View->CodeIgniter\View\{closure}()
#3 C:\xampp\htdocs\futureseekerslk\system\Common.php(1271): CodeIgniter\View\View->render('ApplicantHome/i...', Array, true)
#4 C:\xampp\htdocs\futureseekerslk\app\Controllers\ApplicantHome.php(26): view('ApplicantHome/i...')
#5 C:\xampp\htdocs\futureseekerslk\system\CodeIgniter.php(928): App\Controllers\ApplicantHome->index()
#6 C:\xampp\htdocs\futureseekerslk\system\CodeIgniter.php(436): CodeIgniter\CodeIgniter->runController(Object(App\Controllers\ApplicantHome))
#7 C:\xampp\htdocs\futureseekerslk\system\CodeIgniter.php(336): CodeIgniter\CodeIgniter->handleRequest(NULL, Object(Config\Cache), false)
#8 C:\xampp\htdocs\futureseekerslk\public\index.php(37): CodeIgniter\CodeIgniter->run()
#9 {main}
CRITICAL - 2021-12-01 06:42:19 --> Undefined variable $jobId
#0 C:\xampp\htdocs\futureseekerslk\app\Views\ApplicantHome\index.php(206): CodeIgniter\Debug\Exceptions->errorHandler(2, 'Undefined varia...', 'C:\\xampp\\htdocs...', 206)
#1 C:\xampp\htdocs\futureseekerslk\system\View\View.php(230): include('C:\\xampp\\htdocs...')
#2 C:\xampp\htdocs\futureseekerslk\system\View\View.php(232): CodeIgniter\View\View->CodeIgniter\View\{closure}()
#3 C:\xampp\htdocs\futureseekerslk\system\Common.php(1271): CodeIgniter\View\View->render('ApplicantHome/i...', Array, true)
#4 C:\xampp\htdocs\futureseekerslk\app\Controllers\ApplicantHome.php(26): view('ApplicantHome/i...')
#5 C:\xampp\htdocs\futureseekerslk\system\CodeIgniter.php(928): App\Controllers\ApplicantHome->index()
#6 C:\xampp\htdocs\futureseekerslk\system\CodeIgniter.php(436): CodeIgniter\CodeIgniter->runController(Object(App\Controllers\ApplicantHome))
#7 C:\xampp\htdocs\futureseekerslk\system\CodeIgniter.php(336): CodeIgniter\CodeIgniter->handleRequest(NULL, Object(Config\Cache), false)
#8 C:\xampp\htdocs\futureseekerslk\public\index.php(37): CodeIgniter\CodeIgniter->run()
#9 {main}
CRITICAL - 2021-12-01 06:42:21 --> Undefined variable $jobId
#0 C:\xampp\htdocs\futureseekerslk\app\Views\ApplicantHome\index.php(206): CodeIgniter\Debug\Exceptions->errorHandler(2, 'Undefined varia...', 'C:\\xampp\\htdocs...', 206)
#1 C:\xampp\htdocs\futureseekerslk\system\View\View.php(230): include('C:\\xampp\\htdocs...')
#2 C:\xampp\htdocs\futureseekerslk\system\View\View.php(232): CodeIgniter\View\View->CodeIgniter\View\{closure}()
#3 C:\xampp\htdocs\futureseekerslk\system\Common.php(1271): CodeIgniter\View\View->render('ApplicantHome/i...', Array, true)
#4 C:\xampp\htdocs\futureseekerslk\app\Controllers\ApplicantHome.php(26): view('ApplicantHome/i...')
#5 C:\xampp\htdocs\futureseekerslk\system\CodeIgniter.php(928): App\Controllers\ApplicantHome->index()
#6 C:\xampp\htdocs\futureseekerslk\system\CodeIgniter.php(436): CodeIgniter\CodeIgniter->runController(Object(App\Controllers\ApplicantHome))
#7 C:\xampp\htdocs\futureseekerslk\system\CodeIgniter.php(336): CodeIgniter\CodeIgniter->handleRequest(NULL, Object(Config\Cache), false)
#8 C:\xampp\htdocs\futureseekerslk\public\index.php(37): CodeIgniter\CodeIgniter->run()
#9 {main}
CRITICAL - 2021-12-01 06:43:01 --> Undefined variable $jobId
#0 C:\xampp\htdocs\futureseekerslk\app\Views\ApplicantHome\index.php(198): CodeIgniter\Debug\Exceptions->errorHandler(2, 'Undefined varia...', 'C:\\xampp\\htdocs...', 198)
#1 C:\xampp\htdocs\futureseekerslk\system\View\View.php(230): include('C:\\xampp\\htdocs...')
#2 C:\xampp\htdocs\futureseekerslk\system\View\View.php(232): CodeIgniter\View\View->CodeIgniter\View\{closure}()
#3 C:\xampp\htdocs\futureseekerslk\system\Common.php(1271): CodeIgniter\View\View->render('ApplicantHome/i...', Array, true)
#4 C:\xampp\htdocs\futureseekerslk\app\Controllers\ApplicantHome.php(26): view('ApplicantHome/i...')
#5 C:\xampp\htdocs\futureseekerslk\system\CodeIgniter.php(928): App\Controllers\ApplicantHome->index()
#6 C:\xampp\htdocs\futureseekerslk\system\CodeIgniter.php(436): CodeIgniter\CodeIgniter->runController(Object(App\Controllers\ApplicantHome))
#7 C:\xampp\htdocs\futureseekerslk\system\CodeIgniter.php(336): CodeIgniter\CodeIgniter->handleRequest(NULL, Object(Config\Cache), false)
#8 C:\xampp\htdocs\futureseekerslk\public\index.php(37): CodeIgniter\CodeIgniter->run()
#9 {main}
CRITICAL - 2021-12-01 07:00:31 --> Undefined variable $jobId
#0 C:\xampp\htdocs\futureseekerslk\app\Views\ApplicantHome\index.php(95): CodeIgniter\Debug\Exceptions->errorHandler(2, 'Undefined varia...', 'C:\\xampp\\htdocs...', 95)
#1 C:\xampp\htdocs\futureseekerslk\system\View\View.php(230): include('C:\\xampp\\htdocs...')
#2 C:\xampp\htdocs\futureseekerslk\system\View\View.php(232): CodeIgniter\View\View->CodeIgniter\View\{closure}()
#3 C:\xampp\htdocs\futureseekerslk\system\Common.php(1271): CodeIgniter\View\View->render('ApplicantHome/i...', Array, true)
#4 C:\xampp\htdocs\futureseekerslk\app\Controllers\ApplicantHome.php(26): view('ApplicantHome/i...')
#5 C:\xampp\htdocs\futureseekerslk\system\CodeIgniter.php(928): App\Controllers\ApplicantHome->index()
#6 C:\xampp\htdocs\futureseekerslk\system\CodeIgniter.php(436): CodeIgniter\CodeIgniter->runController(Object(App\Controllers\ApplicantHome))
#7 C:\xampp\htdocs\futureseekerslk\system\CodeIgniter.php(336): CodeIgniter\CodeIgniter->handleRequest(NULL, Object(Config\Cache), false)
#8 C:\xampp\htdocs\futureseekerslk\public\index.php(37): CodeIgniter\CodeIgniter->run()
#9 {main}
CRITICAL - 2021-12-01 07:00:35 --> Undefined variable $jobId
#0 C:\xampp\htdocs\futureseekerslk\app\Views\ApplicantHome\index.php(95): CodeIgniter\Debug\Exceptions->errorHandler(2, 'Undefined varia...', 'C:\\xampp\\htdocs...', 95)
#1 C:\xampp\htdocs\futureseekerslk\system\View\View.php(230): include('C:\\xampp\\htdocs...')
#2 C:\xampp\htdocs\futureseekerslk\system\View\View.php(232): CodeIgniter\View\View->CodeIgniter\View\{closure}()
#3 C:\xampp\htdocs\futureseekerslk\system\Common.php(1271): CodeIgniter\View\View->render('ApplicantHome/i...', Array, true)
#4 C:\xampp\htdocs\futureseekerslk\app\Controllers\ApplicantHome.php(26): view('ApplicantHome/i...')
#5 C:\xampp\htdocs\futureseekerslk\system\CodeIgniter.php(928): App\Controllers\ApplicantHome->index()
#6 C:\xampp\htdocs\futureseekerslk\system\CodeIgniter.php(436): CodeIgniter\CodeIgniter->runController(Object(App\Controllers\ApplicantHome))
#7 C:\xampp\htdocs\futureseekerslk\system\CodeIgniter.php(336): CodeIgniter\CodeIgniter->handleRequest(NULL, Object(Config\Cache), false)
#8 C:\xampp\htdocs\futureseekerslk\public\index.php(37): CodeIgniter\CodeIgniter->run()
#9 {main}
CRITICAL - 2021-12-01 07:22:18 --> Undefined variable $jobID
#0 C:\xampp\htdocs\futureseekerslk\app\Views\ApplicantHome\index.php(209): CodeIgniter\Debug\Exceptions->errorHandler(2, 'Undefined varia...', 'C:\\xampp\\htdocs...', 209)
#1 C:\xampp\htdocs\futureseekerslk\system\View\View.php(230): include('C:\\xampp\\htdocs...')
#2 C:\xampp\htdocs\futureseekerslk\system\View\View.php(232): CodeIgniter\View\View->CodeIgniter\View\{closure}()
#3 C:\xampp\htdocs\futureseekerslk\system\Common.php(1271): CodeIgniter\View\View->render('ApplicantHome/i...', Array, true)
#4 C:\xampp\htdocs\futureseekerslk\app\Controllers\ApplicantHome.php(26): view('ApplicantHome/i...')
#5 C:\xampp\htdocs\futureseekerslk\system\CodeIgniter.php(928): App\Controllers\ApplicantHome->index()
#6 C:\xampp\htdocs\futureseekerslk\system\CodeIgniter.php(436): CodeIgniter\CodeIgniter->runController(Object(App\Controllers\ApplicantHome))
#7 C:\xampp\htdocs\futureseekerslk\system\CodeIgniter.php(336): CodeIgniter\CodeIgniter->handleRequest(NULL, Object(Config\Cache), false)
#8 C:\xampp\htdocs\futureseekerslk\public\index.php(37): CodeIgniter\CodeIgniter->run()
#9 {main}
CRITICAL - 2021-12-01 07:23:03 --> Undefined variable $jobID
#0 C:\xampp\htdocs\futureseekerslk\app\Views\ApplicantHome\index.php(209): CodeIgniter\Debug\Exceptions->errorHandler(2, 'Undefined varia...', 'C:\\xampp\\htdocs...', 209)
#1 C:\xampp\htdocs\futureseekerslk\system\View\View.php(230): include('C:\\xampp\\htdocs...')
#2 C:\xampp\htdocs\futureseekerslk\system\View\View.php(232): CodeIgniter\View\View->CodeIgniter\View\{closure}()
#3 C:\xampp\htdocs\futureseekerslk\system\Common.php(1271): CodeIgniter\View\View->render('ApplicantHome/i...', Array, true)
#4 C:\xampp\htdocs\futureseekerslk\app\Controllers\ApplicantHome.php(26): view('ApplicantHome/i...')
#5 C:\xampp\htdocs\futureseekerslk\system\CodeIgniter.php(928): App\Controllers\ApplicantHome->index()
#6 C:\xampp\htdocs\futureseekerslk\system\CodeIgniter.php(436): CodeIgniter\CodeIgniter->runController(Object(App\Controllers\ApplicantHome))
#7 C:\xampp\htdocs\futureseekerslk\system\CodeIgniter.php(336): CodeIgniter\CodeIgniter->handleRequest(NULL, Object(Config\Cache), false)
#8 C:\xampp\htdocs\futureseekerslk\public\index.php(37): CodeIgniter\CodeIgniter->run()
#9 {main}
CRITICAL - 2021-12-01 07:43:37 --> Undefined variable $jobID
#0 C:\xampp\htdocs\futureseekerslk\app\Views\ApplicantHome\index.php(197): CodeIgniter\Debug\Exceptions->errorHandler(2, 'Undefined varia...', 'C:\\xampp\\htdocs...', 197)
#1 C:\xampp\htdocs\futureseekerslk\system\View\View.php(230): include('C:\\xampp\\htdocs...')
#2 C:\xampp\htdocs\futureseekerslk\system\View\View.php(232): CodeIgniter\View\View->CodeIgniter\View\{closure}()
#3 C:\xampp\htdocs\futureseekerslk\system\Common.php(1271): CodeIgniter\View\View->render('ApplicantHome/i...', Array, true)
#4 C:\xampp\htdocs\futureseekerslk\app\Controllers\ApplicantHome.php(26): view('ApplicantHome/i...')
#5 C:\xampp\htdocs\futureseekerslk\system\CodeIgniter.php(928): App\Controllers\ApplicantHome->index()
#6 C:\xampp\htdocs\futureseekerslk\system\CodeIgniter.php(436): CodeIgniter\CodeIgniter->runController(Object(App\Controllers\ApplicantHome))
#7 C:\xampp\htdocs\futureseekerslk\system\CodeIgniter.php(336): CodeIgniter\CodeIgniter->handleRequest(NULL, Object(Config\Cache), false)
#8 C:\xampp\htdocs\futureseekerslk\public\index.php(37): CodeIgniter\CodeIgniter->run()
#9 {main}
CRITICAL - 2021-12-01 08:17:53 --> Too few arguments to function App\Controllers\ApplyForJob::index(), 0 passed in C:\xampp\htdocs\futureseekerslk\system\CodeIgniter.php on line 928 and exactly 1 expected
#0 C:\xampp\htdocs\futureseekerslk\system\CodeIgniter.php(928): App\Controllers\ApplyForJob->index()
#1 C:\xampp\htdocs\futureseekerslk\system\CodeIgniter.php(436): CodeIgniter\CodeIgniter->runController(Object(App\Controllers\ApplyForJob))
#2 C:\xampp\htdocs\futureseekerslk\system\CodeIgniter.php(336): CodeIgniter\CodeIgniter->handleRequest(NULL, Object(Config\Cache), false)
#3 C:\xampp\htdocs\futureseekerslk\public\index.php(37): CodeIgniter\CodeIgniter->run()
#4 {main}
CRITICAL - 2021-12-01 18:59:47 --> Undefined variable $description
#0 C:\xampp\htdocs\futureseekerslk\app\Controllers\MyProfileApplicant.php(99): CodeIgniter\Debug\Exceptions->errorHandler(2, 'Undefined varia...', 'C:\\xampp\\htdocs...', 99)
#1 C:\xampp\htdocs\futureseekerslk\system\CodeIgniter.php(928): App\Controllers\MyProfileApplicant->editProfile()
#2 C:\xampp\htdocs\futureseekerslk\system\CodeIgniter.php(436): CodeIgniter\CodeIgniter->runController(Object(App\Controllers\MyProfileApplicant))
#3 C:\xampp\htdocs\futureseekerslk\system\CodeIgniter.php(336): CodeIgniter\CodeIgniter->handleRequest(NULL, Object(Config\Cache), false)
#4 C:\xampp\htdocs\futureseekerslk\public\index.php(37): CodeIgniter\CodeIgniter->run()
#5 {main}
CRITICAL - 2021-12-01 19:00:35 --> Undefined variable $pdfname
#0 C:\xampp\htdocs\futureseekerslk\app\Controllers\MyProfileApplicant.php(99): CodeIgniter\Debug\Exceptions->errorHandler(2, 'Undefined varia...', 'C:\\xampp\\htdocs...', 99)
#1 C:\xampp\htdocs\futureseekerslk\system\CodeIgniter.php(928): App\Controllers\MyProfileApplicant->editProfile()
#2 C:\xampp\htdocs\futureseekerslk\system\CodeIgniter.php(436): CodeIgniter\CodeIgniter->runController(Object(App\Controllers\MyProfileApplicant))
#3 C:\xampp\htdocs\futureseekerslk\system\CodeIgniter.php(336): CodeIgniter\CodeIgniter->handleRequest(NULL, Object(Config\Cache), false)
#4 C:\xampp\htdocs\futureseekerslk\public\index.php(37): CodeIgniter\CodeIgniter->run()
#5 {main}
CRITICAL - 2021-12-01 20:26:11 --> Undefined variable $jobId
#0 C:\xampp\htdocs\futureseekerslk\app\Controllers\ApplyForJob.php(23): CodeIgniter\Debug\Exceptions->errorHandler(2, 'Undefined varia...', 'C:\\xampp\\htdocs...', 23)
#1 C:\xampp\htdocs\futureseekerslk\system\CodeIgniter.php(928): App\Controllers\ApplyForJob->index('9')
#2 C:\xampp\htdocs\futureseekerslk\system\CodeIgniter.php(436): CodeIgniter\CodeIgniter->runController(Object(App\Controllers\ApplyForJob))
#3 C:\xampp\htdocs\futureseekerslk\system\CodeIgniter.php(336): CodeIgniter\CodeIgniter->handleRequest(NULL, Object(Config\Cache), false)
#4 C:\xampp\htdocs\futureseekerslk\public\index.php(37): CodeIgniter\CodeIgniter->run()
#5 {main}
