CRITICAL - 2021-11-24 04:21:11 --> Undefined variable $name
#0 C:\xampp\htdocs\futureseekerslk\app\Views\MyProfileApplicant\index.php(118): CodeIgniter\Debug\Exceptions->errorHandler(2, 'Undefined varia...', 'C:\\xampp\\htdocs...', 118)
#1 C:\xampp\htdocs\futureseekerslk\system\View\View.php(230): include('C:\\xampp\\htdocs...')
#2 C:\xampp\htdocs\futureseekerslk\system\View\View.php(232): CodeIgniter\View\View->CodeIgniter\View\{closure}()
#3 C:\xampp\htdocs\futureseekerslk\system\Common.php(1271): CodeIgniter\View\View->render('/MyProfileAppli...', Array, true)
#4 C:\xampp\htdocs\futureseekerslk\app\Controllers\PostAdvertEmployer.php(100): view('/MyProfileAppli...', Array)
#5 C:\xampp\htdocs\futureseekerslk\system\CodeIgniter.php(928): App\Controllers\PostAdvertEmployer->PostAdvert()
#6 C:\xampp\htdocs\futureseekerslk\system\CodeIgniter.php(436): CodeIgniter\CodeIgniter->runController(Object(App\Controllers\PostAdvertEmployer))
#7 C:\xampp\htdocs\futureseekerslk\system\CodeIgniter.php(336): CodeIgniter\CodeIgniter->handleRequest(NULL, Object(Config\Cache), false)
#8 C:\xampp\htdocs\futureseekerslk\public\index.php(37): CodeIgniter\CodeIgniter->run()
#9 {main}
CRITICAL - 2021-11-24 04:27:13 --> Undefined variable $name
#0 C:\xampp\htdocs\futureseekerslk\app\Views\MyProfileApplicant\index.php(118): CodeIgniter\Debug\Exceptions->errorHandler(2, 'Undefined varia...', 'C:\\xampp\\htdocs...', 118)
#1 C:\xampp\htdocs\futureseekerslk\system\View\View.php(230): include('C:\\xampp\\htdocs...')
#2 C:\xampp\htdocs\futureseekerslk\system\View\View.php(232): CodeIgniter\View\View->CodeIgniter\View\{closure}()
#3 C:\xampp\htdocs\futureseekerslk\system\Common.php(1271): CodeIgniter\View\View->render('/MyProfileAppli...', Array, true)
#4 C:\xampp\htdocs\futureseekerslk\app\Controllers\PostAdvertEmployer.php(100): view('/MyProfileAppli...', Array)
#5 C:\xampp\htdocs\futureseekerslk\system\CodeIgniter.php(928): App\Controllers\PostAdvertEmployer->PostAdvert()
#6 C:\xampp\htdocs\futureseekerslk\system\CodeIgniter.php(436): CodeIgniter\CodeIgniter->runController(Object(App\Controllers\PostAdvertEmployer))
#7 C:\xampp\htdocs\futureseekerslk\system\CodeIgniter.php(336): CodeIgniter\CodeIgniter->handleRequest(NULL, Object(Config\Cache), false)
#8 C:\xampp\htdocs\futureseekerslk\public\index.php(37): CodeIgniter\CodeIgniter->run()
#9 {main}
CRITICAL - 2021-11-24 06:03:53 --> 1 is not a valid rule.
#0 C:\xampp\htdocs\futureseekerslk\system\Validation\Validation.php(321): CodeIgniter\Validation\Exceptions\ValidationException::forRuleNotFound('1')
#1 C:\xampp\htdocs\futureseekerslk\system\Validation\Validation.php(159): CodeIgniter\Validation\Validation->processRules('salary', 'salary', '', Array, Array)
#2 C:\xampp\htdocs\futureseekerslk\system\Controller.php(183): CodeIgniter\Validation\Validation->run()
#3 C:\xampp\htdocs\futureseekerslk\app\Controllers\PostAdvertEmployer.php(47): CodeIgniter\Controller->validate(Array)
#4 C:\xampp\htdocs\futureseekerslk\system\CodeIgniter.php(928): App\Controllers\PostAdvertEmployer->PostAdvert()
#5 C:\xampp\htdocs\futureseekerslk\system\CodeIgniter.php(436): CodeIgniter\CodeIgniter->runController(Object(App\Controllers\PostAdvertEmployer))
#6 C:\xampp\htdocs\futureseekerslk\system\CodeIgniter.php(336): CodeIgniter\CodeIgniter->handleRequest(NULL, Object(Config\Cache), false)
#7 C:\xampp\htdocs\futureseekerslk\public\index.php(37): CodeIgniter\CodeIgniter->run()
#8 {main}
CRITICAL - 2021-11-24 06:04:44 --> yovmouempty is not a valid rule.
#0 C:\xampp\htdocs\futureseekerslk\system\Validation\Validation.php(321): CodeIgniter\Validation\Exceptions\ValidationException::forRuleNotFound('yovmou\x7Fempty')
#1 C:\xampp\htdocs\futureseekerslk\system\Validation\Validation.php(159): CodeIgniter\Validation\Validation->processRules('salary', 'salary', '', Array, Array)
#2 C:\xampp\htdocs\futureseekerslk\system\Controller.php(183): CodeIgniter\Validation\Validation->run()
#3 C:\xampp\htdocs\futureseekerslk\app\Controllers\PostAdvertEmployer.php(47): CodeIgniter\Controller->validate(Array)
#4 C:\xampp\htdocs\futureseekerslk\system\CodeIgniter.php(928): App\Controllers\PostAdvertEmployer->PostAdvert()
#5 C:\xampp\htdocs\futureseekerslk\system\CodeIgniter.php(436): CodeIgniter\CodeIgniter->runController(Object(App\Controllers\PostAdvertEmployer))
#6 C:\xampp\htdocs\futureseekerslk\system\CodeIgniter.php(336): CodeIgniter\CodeIgniter->handleRequest(NULL, Object(Config\Cache), false)
#7 C:\xampp\htdocs\futureseekerslk\public\index.php(37): CodeIgniter\CodeIgniter->run()
#8 {main}
CRITICAL - 2021-11-24 06:09:23 --> ootwesuired is not a valid rule.
#0 C:\xampp\htdocs\futureseekerslk\system\Validation\Validation.php(321): CodeIgniter\Validation\Exceptions\ValidationException::forRuleNotFound('oot\x7Fwesuired')
#1 C:\xampp\htdocs\futureseekerslk\system\Validation\Validation.php(159): CodeIgniter\Validation\Validation->processRules('salary', 'salary', '', Array, Array)
#2 C:\xampp\htdocs\futureseekerslk\system\Controller.php(183): CodeIgniter\Validation\Validation->run()
#3 C:\xampp\htdocs\futureseekerslk\app\Controllers\PostAdvertEmployer.php(47): CodeIgniter\Controller->validate(Array)
#4 C:\xampp\htdocs\futureseekerslk\system\CodeIgniter.php(928): App\Controllers\PostAdvertEmployer->PostAdvert()
#5 C:\xampp\htdocs\futureseekerslk\system\CodeIgniter.php(436): CodeIgniter\CodeIgniter->runController(Object(App\Controllers\PostAdvertEmployer))
#6 C:\xampp\htdocs\futureseekerslk\system\CodeIgniter.php(336): CodeIgniter\CodeIgniter->handleRequest(NULL, Object(Config\Cache), false)
#7 C:\xampp\htdocs\futureseekerslk\public\index.php(37): CodeIgniter\CodeIgniter->run()
#8 {main}
CRITICAL - 2021-11-24 09:33:25 --> The file uploaded with success.(0)
#0 C:\xampp\htdocs\futureseekerslk\system\CodeIgniter.php(928): App\Controllers\PostAdvertEmployer->PostAdvert()
#1 C:\xampp\htdocs\futureseekerslk\system\CodeIgniter.php(436): CodeIgniter\CodeIgniter->runController(Object(App\Controllers\PostAdvertEmployer))
#2 C:\xampp\htdocs\futureseekerslk\system\CodeIgniter.php(336): CodeIgniter\CodeIgniter->handleRequest(NULL, Object(Config\Cache), false)
#3 C:\xampp\htdocs\futureseekerslk\public\index.php(37): CodeIgniter\CodeIgniter->run()
#4 {main}
ERROR - 2021-11-24 09:43:17 --> Table 'futureseekerslk.jobdetails' doesn't exist
CRITICAL - 2021-11-24 09:43:17 --> Table 'futureseekerslk.jobdetails' doesn't exist
#0 C:\xampp\htdocs\futureseekerslk\system\Database\MySQLi\Connection.php(329): mysqli->query('INSERT INTO `jo...')
#1 C:\xampp\htdocs\futureseekerslk\system\Database\BaseConnection.php(732): CodeIgniter\Database\MySQLi\Connection->execute('INSERT INTO `jo...')
#2 C:\xampp\htdocs\futureseekerslk\system\Database\BaseConnection.php(647): CodeIgniter\Database\BaseConnection->simpleQuery('INSERT INTO `jo...')
#3 C:\xampp\htdocs\futureseekerslk\system\Database\BaseBuilder.php(2277): CodeIgniter\Database\BaseConnection->query('INSERT INTO `jo...', Array, false)
#4 C:\xampp\htdocs\futureseekerslk\system\Model.php(259): CodeIgniter\Database\BaseBuilder->insert()
#5 C:\xampp\htdocs\futureseekerslk\system\BaseModel.php(774): CodeIgniter\Model->doInsert(Array)
#6 C:\xampp\htdocs\futureseekerslk\system\Model.php(686): CodeIgniter\BaseModel->insert(Array, true)
#7 C:\xampp\htdocs\futureseekerslk\app\Controllers\PostAdvertEmployer.php(116): CodeIgniter\Model->insert(Array)
#8 C:\xampp\htdocs\futureseekerslk\system\CodeIgniter.php(928): App\Controllers\PostAdvertEmployer->PostAdvert()
#9 C:\xampp\htdocs\futureseekerslk\system\CodeIgniter.php(436): CodeIgniter\CodeIgniter->runController(Object(App\Controllers\PostAdvertEmployer))
#10 C:\xampp\htdocs\futureseekerslk\system\CodeIgniter.php(336): CodeIgniter\CodeIgniter->handleRequest(NULL, Object(Config\Cache), false)
#11 C:\xampp\htdocs\futureseekerslk\public\index.php(37): CodeIgniter\CodeIgniter->run()
#12 {main}
ERROR - 2021-11-24 09:44:45 --> Column 'closingDate' cannot be null
CRITICAL - 2021-11-24 09:44:45 --> Column 'closingDate' cannot be null
#0 C:\xampp\htdocs\futureseekerslk\system\Database\MySQLi\Connection.php(329): mysqli->query('INSERT INTO `jo...')
#1 C:\xampp\htdocs\futureseekerslk\system\Database\BaseConnection.php(732): CodeIgniter\Database\MySQLi\Connection->execute('INSERT INTO `jo...')
#2 C:\xampp\htdocs\futureseekerslk\system\Database\BaseConnection.php(647): CodeIgniter\Database\BaseConnection->simpleQuery('INSERT INTO `jo...')
#3 C:\xampp\htdocs\futureseekerslk\system\Database\BaseBuilder.php(2277): CodeIgniter\Database\BaseConnection->query('INSERT INTO `jo...', Array, false)
#4 C:\xampp\htdocs\futureseekerslk\system\Model.php(259): CodeIgniter\Database\BaseBuilder->insert()
#5 C:\xampp\htdocs\futureseekerslk\system\BaseModel.php(774): CodeIgniter\Model->doInsert(Array)
#6 C:\xampp\htdocs\futureseekerslk\system\Model.php(686): CodeIgniter\BaseModel->insert(Array, true)
#7 C:\xampp\htdocs\futureseekerslk\app\Controllers\PostAdvertEmployer.php(116): CodeIgniter\Model->insert(Array)
#8 C:\xampp\htdocs\futureseekerslk\system\CodeIgniter.php(928): App\Controllers\PostAdvertEmployer->PostAdvert()
#9 C:\xampp\htdocs\futureseekerslk\system\CodeIgniter.php(436): CodeIgniter\CodeIgniter->runController(Object(App\Controllers\PostAdvertEmployer))
#10 C:\xampp\htdocs\futureseekerslk\system\CodeIgniter.php(336): CodeIgniter\CodeIgniter->handleRequest(NULL, Object(Config\Cache), false)
#11 C:\xampp\htdocs\futureseekerslk\public\index.php(37): CodeIgniter\CodeIgniter->run()
#12 {main}
ERROR - 2021-11-24 09:51:14 --> Column 'typeOfEmployment' cannot be null
CRITICAL - 2021-11-24 09:51:14 --> Column 'typeOfEmployment' cannot be null
#0 C:\xampp\htdocs\futureseekerslk\system\Database\MySQLi\Connection.php(329): mysqli->query('INSERT INTO `jo...')
#1 C:\xampp\htdocs\futureseekerslk\system\Database\BaseConnection.php(732): CodeIgniter\Database\MySQLi\Connection->execute('INSERT INTO `jo...')
#2 C:\xampp\htdocs\futureseekerslk\system\Database\BaseConnection.php(647): CodeIgniter\Database\BaseConnection->simpleQuery('INSERT INTO `jo...')
#3 C:\xampp\htdocs\futureseekerslk\system\Database\BaseBuilder.php(2277): CodeIgniter\Database\BaseConnection->query('INSERT INTO `jo...', Array, false)
#4 C:\xampp\htdocs\futureseekerslk\system\Model.php(259): CodeIgniter\Database\BaseBuilder->insert()
#5 C:\xampp\htdocs\futureseekerslk\system\BaseModel.php(774): CodeIgniter\Model->doInsert(Array)
#6 C:\xampp\htdocs\futureseekerslk\system\Model.php(686): CodeIgniter\BaseModel->insert(Array, true)
#7 C:\xampp\htdocs\futureseekerslk\app\Controllers\PostAdvertEmployer.php(116): CodeIgniter\Model->insert(Array)
#8 C:\xampp\htdocs\futureseekerslk\system\CodeIgniter.php(928): App\Controllers\PostAdvertEmployer->PostAdvert()
#9 C:\xampp\htdocs\futureseekerslk\system\CodeIgniter.php(436): CodeIgniter\CodeIgniter->runController(Object(App\Controllers\PostAdvertEmployer))
#10 C:\xampp\htdocs\futureseekerslk\system\CodeIgniter.php(336): CodeIgniter\CodeIgniter->handleRequest(NULL, Object(Config\Cache), false)
#11 C:\xampp\htdocs\futureseekerslk\public\index.php(37): CodeIgniter\CodeIgniter->run()
#12 {main}
ERROR - 2021-11-24 09:52:47 --> Cannot add or update a child row: a foreign key constraint fails (`futureseekerslk`.`job_details`, CONSTRAINT `JobDetailsToEmployer` FOREIGN KEY (`employer_id`) REFERENCES `employer` (`id`) ON DELETE CASCADE ON UPDATE CASCADE)
CRITICAL - 2021-11-24 09:52:47 --> Cannot add or update a child row: a foreign key constraint fails (`futureseekerslk`.`job_details`, CONSTRAINT `JobDetailsToEmployer` FOREIGN KEY (`employer_id`) REFERENCES `employer` (`id`) ON DELETE CASCADE ON UPDATE CASCADE)
#0 C:\xampp\htdocs\futureseekerslk\system\Database\MySQLi\Connection.php(329): mysqli->query('INSERT INTO `jo...')
#1 C:\xampp\htdocs\futureseekerslk\system\Database\BaseConnection.php(732): CodeIgniter\Database\MySQLi\Connection->execute('INSERT INTO `jo...')
#2 C:\xampp\htdocs\futureseekerslk\system\Database\BaseConnection.php(647): CodeIgniter\Database\BaseConnection->simpleQuery('INSERT INTO `jo...')
#3 C:\xampp\htdocs\futureseekerslk\system\Database\BaseBuilder.php(2277): CodeIgniter\Database\BaseConnection->query('INSERT INTO `jo...', Array, false)
#4 C:\xampp\htdocs\futureseekerslk\system\Model.php(259): CodeIgniter\Database\BaseBuilder->insert()
#5 C:\xampp\htdocs\futureseekerslk\system\BaseModel.php(774): CodeIgniter\Model->doInsert(Array)
#6 C:\xampp\htdocs\futureseekerslk\system\Model.php(686): CodeIgniter\BaseModel->insert(Array, true)
#7 C:\xampp\htdocs\futureseekerslk\app\Controllers\PostAdvertEmployer.php(116): CodeIgniter\Model->insert(Array)
#8 C:\xampp\htdocs\futureseekerslk\system\CodeIgniter.php(928): App\Controllers\PostAdvertEmployer->PostAdvert()
#9 C:\xampp\htdocs\futureseekerslk\system\CodeIgniter.php(436): CodeIgniter\CodeIgniter->runController(Object(App\Controllers\PostAdvertEmployer))
#10 C:\xampp\htdocs\futureseekerslk\system\CodeIgniter.php(336): CodeIgniter\CodeIgniter->handleRequest(NULL, Object(Config\Cache), false)
#11 C:\xampp\htdocs\futureseekerslk\public\index.php(37): CodeIgniter\CodeIgniter->run()
#12 {main}
ERROR - 2021-11-24 10:10:01 --> Cannot add or update a child row: a foreign key constraint fails (`futureseekerslk`.`job_details`, CONSTRAINT `JobDetailsToEmployer` FOREIGN KEY (`employer_id`) REFERENCES `employer` (`id`) ON DELETE CASCADE ON UPDATE CASCADE)
CRITICAL - 2021-11-24 10:10:01 --> Cannot add or update a child row: a foreign key constraint fails (`futureseekerslk`.`job_details`, CONSTRAINT `JobDetailsToEmployer` FOREIGN KEY (`employer_id`) REFERENCES `employer` (`id`) ON DELETE CASCADE ON UPDATE CASCADE)
#0 C:\xampp\htdocs\futureseekerslk\system\Database\MySQLi\Connection.php(329): mysqli->query('INSERT INTO `jo...')
#1 C:\xampp\htdocs\futureseekerslk\system\Database\BaseConnection.php(732): CodeIgniter\Database\MySQLi\Connection->execute('INSERT INTO `jo...')
#2 C:\xampp\htdocs\futureseekerslk\system\Database\BaseConnection.php(647): CodeIgniter\Database\BaseConnection->simpleQuery('INSERT INTO `jo...')
#3 C:\xampp\htdocs\futureseekerslk\system\Database\BaseBuilder.php(2277): CodeIgniter\Database\BaseConnection->query('INSERT INTO `jo...', Array, false)
#4 C:\xampp\htdocs\futureseekerslk\system\Model.php(259): CodeIgniter\Database\BaseBuilder->insert()
#5 C:\xampp\htdocs\futureseekerslk\system\BaseModel.php(774): CodeIgniter\Model->doInsert(Array)
#6 C:\xampp\htdocs\futureseekerslk\system\Model.php(686): CodeIgniter\BaseModel->insert(Array, true)
#7 C:\xampp\htdocs\futureseekerslk\app\Controllers\PostAdvertEmployer.php(116): CodeIgniter\Model->insert(Array)
#8 C:\xampp\htdocs\futureseekerslk\system\CodeIgniter.php(928): App\Controllers\PostAdvertEmployer->PostAdvert()
#9 C:\xampp\htdocs\futureseekerslk\system\CodeIgniter.php(436): CodeIgniter\CodeIgniter->runController(Object(App\Controllers\PostAdvertEmployer))
#10 C:\xampp\htdocs\futureseekerslk\system\CodeIgniter.php(336): CodeIgniter\CodeIgniter->handleRequest(NULL, Object(Config\Cache), false)
#11 C:\xampp\htdocs\futureseekerslk\public\index.php(37): CodeIgniter\CodeIgniter->run()
#12 {main}
